<?xml version="1.0" encoding="UTF-8"?>
<coverage generated="1683908808692" clover="3.2.0">
  <project timestamp="1683908808692" name="All files">
    <metrics statements="398" coveredstatements="214" conditionals="125" coveredconditionals="52" methods="84" coveredmethods="37" elements="607" coveredelements="303" complexity="0" loc="398" ncloc="398" packages="1" files="7" classes="7"/>
    <file name="Astar.ts" path="/home/rajol/s6/projets/tmp2/projetss6-tower-19051/src/Astar.ts">
      <metrics statements="51" coveredstatements="46" conditionals="9" coveredconditionals="7" methods="9" coveredmethods="8"/>
      <line num="27" count="2" type="stmt"/>
      <line num="28" count="2" type="stmt"/>
      <line num="29" count="2" type="stmt"/>
      <line num="30" count="2" type="stmt"/>
      <line num="31" count="2" type="stmt"/>
      <line num="32" count="12" type="cond" truecount="1" falsecount="0"/>
      <line num="33" count="2" type="stmt"/>
      <line num="35" count="10" type="stmt"/>
      <line num="36" count="10" type="cond" truecount="0" falsecount="1"/>
      <line num="37" count="0" type="stmt"/>
      <line num="39" count="10" type="stmt"/>
      <line num="40" count="10" type="stmt"/>
      <line num="41" count="26" type="stmt"/>
      <line num="43" count="10" type="stmt"/>
      <line num="45" count="0" type="stmt"/>
      <line num="50" count="26" type="stmt"/>
      <line num="51" count="26" type="cond" truecount="1" falsecount="0"/>
      <line num="52" count="8" type="stmt"/>
      <line num="53" count="8" type="stmt"/>
      <line num="54" count="8" type="stmt"/>
      <line num="60" count="8" type="cond" truecount="1" falsecount="1"/>
      <line num="61" count="0" type="stmt"/>
      <line num="62" count="0" type="stmt"/>
      <line num="63" count="8" type="cond" truecount="1" falsecount="0"/>
      <line num="64" count="8" type="stmt"/>
      <line num="70" count="10" type="stmt"/>
      <line num="71" count="10" type="stmt"/>
      <line num="77" count="2" type="stmt"/>
      <line num="78" count="2" type="stmt"/>
      <line num="79" count="2" type="stmt"/>
      <line num="80" count="10" type="stmt"/>
      <line num="81" count="10" type="stmt"/>
      <line num="83" count="2" type="stmt"/>
      <line num="84" count="2" type="stmt"/>
      <line num="89" count="10" type="stmt"/>
      <line num="90" count="10" type="stmt"/>
      <line num="91" count="10" type="stmt"/>
      <line num="92" count="17" type="stmt"/>
      <line num="93" count="17" type="cond" truecount="1" falsecount="0"/>
      <line num="94" count="11" type="stmt"/>
      <line num="95" count="11" type="stmt"/>
      <line num="98" count="10" type="stmt"/>
      <line num="103" count="10" type="stmt"/>
      <line num="104" count="10" type="stmt"/>
      <line num="106" count="50" type="cond" truecount="1" falsecount="0"/>
      <line num="107" count="26" type="stmt"/>
      <line num="114" count="10" type="stmt"/>
      <line num="118" count="0" type="stmt"/>
      <line num="124" count="28" type="cond" truecount="1" falsecount="0"/>
      <line num="125" count="24" type="stmt"/>
      <line num="129" count="1" type="stmt"/>
    </file>
    <file name="actors.ts" path="/home/rajol/s6/projets/tmp2/projetss6-tower-19051/src/actors.ts">
      <metrics statements="152" coveredstatements="40" conditionals="51" coveredconditionals="7" methods="34" coveredmethods="7"/>
      <line num="1" count="1" type="stmt"/>
      <line num="2" count="1" type="stmt"/>
      <line num="3" count="1" type="stmt"/>
      <line num="9" count="1" type="stmt"/>
      <line num="10" count="5" type="cond" truecount="1" falsecount="0"/>
      <line num="11" count="5" type="stmt"/>
      <line num="15" count="5" type="stmt"/>
      <line num="17" count="0" type="stmt"/>
      <line num="21" count="0" type="stmt"/>
      <line num="22" count="0" type="stmt"/>
      <line num="24" count="0" type="stmt"/>
      <line num="25" count="0" type="stmt"/>
      <line num="28" count="1" type="stmt"/>
      <line num="29" count="0" type="stmt"/>
      <line num="30" count="0" type="stmt"/>
      <line num="32" count="0" type="stmt"/>
      <line num="33" count="0" type="stmt"/>
      <line num="36" count="0" type="stmt"/>
      <line num="37" count="0" type="stmt"/>
      <line num="39" count="0" type="stmt"/>
      <line num="43" count="1" type="stmt"/>
      <line num="44" count="3" type="stmt"/>
      <line num="47" count="1" type="stmt"/>
      <line num="48" count="2" type="stmt"/>
      <line num="52" count="1" type="stmt"/>
      <line num="53" count="0" type="stmt"/>
      <line num="58" count="0" type="cond" truecount="0" falsecount="5"/>
      <line num="60" count="1" type="stmt"/>
      <line num="61" count="0" type="stmt"/>
      <line num="62" count="0" type="stmt"/>
      <line num="63" count="0" type="stmt"/>
      <line num="64" count="0" type="stmt"/>
      <line num="65" count="0" type="cond" truecount="0" falsecount="4"/>
      <line num="66" count="0" type="stmt"/>
      <line num="70" count="0" type="stmt"/>
      <line num="73" count="1" type="stmt"/>
      <line num="74" count="0" type="stmt"/>
      <line num="75" count="0" type="stmt"/>
      <line num="76" count="0" type="stmt"/>
      <line num="77" count="0" type="stmt"/>
      <line num="78" count="0" type="cond" truecount="0" falsecount="1"/>
      <line num="79" count="0" type="stmt"/>
      <line num="83" count="0" type="stmt"/>
      <line num="87" count="0" type="stmt"/>
      <line num="88" count="0" type="cond" truecount="0" falsecount="1"/>
      <line num="89" count="0" type="stmt"/>
      <line num="90" count="0" type="stmt"/>
      <line num="92" count="0" type="cond" truecount="0" falsecount="1"/>
      <line num="93" count="0" type="stmt"/>
      <line num="94" count="0" type="stmt"/>
      <line num="98" count="0" type="stmt"/>
      <line num="102" count="1" type="stmt"/>
      <line num="104" count="0" type="stmt"/>
      <line num="105" count="0" type="cond" truecount="0" falsecount="1"/>
      <line num="113" count="0" type="stmt"/>
      <line num="114" count="0" type="stmt"/>
      <line num="116" count="0" type="cond" truecount="0" falsecount="1"/>
      <line num="117" count="0" type="stmt"/>
      <line num="118" count="0" type="stmt"/>
      <line num="122" count="0" type="stmt"/>
      <line num="124" count="0" type="stmt"/>
      <line num="125" count="0" type="stmt"/>
      <line num="127" count="0" type="stmt"/>
      <line num="130" count="1" type="stmt"/>
      <line num="132" count="0" type="stmt"/>
      <line num="133" count="0" type="cond" truecount="0" falsecount="3"/>
      <line num="134" count="0" type="stmt"/>
      <line num="135" count="0" type="stmt"/>
      <line num="136" count="0" type="stmt"/>
      <line num="139" count="0" type="stmt"/>
      <line num="143" count="0" type="stmt"/>
      <line num="145" count="1" type="stmt"/>
      <line num="146" count="0" type="stmt"/>
      <line num="147" count="0" type="stmt"/>
      <line num="149" count="0" type="stmt"/>
      <line num="150" count="0" type="stmt"/>
      <line num="152" count="0" type="stmt"/>
      <line num="153" count="0" type="stmt"/>
      <line num="154" count="0" type="cond" truecount="0" falsecount="2"/>
      <line num="155" count="0" type="stmt"/>
      <line num="156" count="0" type="stmt"/>
      <line num="157" count="0" type="cond" truecount="0" falsecount="2"/>
      <line num="158" count="0" type="cond" truecount="0" falsecount="3"/>
      <line num="159" count="0" type="stmt"/>
      <line num="160" count="0" type="stmt"/>
      <line num="164" count="0" type="stmt"/>
      <line num="168" count="0" type="cond" truecount="0" falsecount="3"/>
      <line num="169" count="0" type="stmt"/>
      <line num="170" count="0" type="stmt"/>
      <line num="174" count="0" type="stmt"/>
      <line num="177" count="0" type="stmt"/>
      <line num="179" count="0" type="stmt"/>
      <line num="182" count="1" type="stmt"/>
      <line num="183" count="0" type="stmt"/>
      <line num="184" count="0" type="cond" truecount="0" falsecount="1"/>
      <line num="185" count="0" type="cond" truecount="0" falsecount="2"/>
      <line num="186" count="0" type="stmt"/>
      <line num="191" count="0" type="cond" truecount="0" falsecount="1"/>
      <line num="192" count="0" type="stmt"/>
      <line num="197" count="0" type="cond" truecount="0" falsecount="2"/>
      <line num="198" count="0" type="stmt"/>
      <line num="203" count="0" type="cond" truecount="0" falsecount="1"/>
      <line num="204" count="0" type="stmt"/>
      <line num="210" count="0" type="stmt"/>
      <line num="215" count="1" type="stmt"/>
      <line num="216" count="2" type="cond" truecount="1" falsecount="0"/>
      <line num="217" count="1" type="stmt"/>
      <line num="218" count="1" type="stmt"/>
      <line num="221" count="2" type="stmt"/>
      <line num="224" count="1" type="stmt"/>
      <line num="225" count="0" type="cond" truecount="0" falsecount="3"/>
      <line num="226" count="0" type="stmt"/>
      <line num="228" count="0" type="stmt"/>
      <line num="236" count="1" type="stmt"/>
      <line num="237" count="0" type="stmt"/>
      <line num="239" count="0" type="stmt"/>
      <line num="241" count="0" type="cond" truecount="0" falsecount="2"/>
      <line num="242" count="0" type="stmt"/>
      <line num="243" count="0" type="stmt"/>
      <line num="244" count="0" type="stmt"/>
      <line num="247" count="0" type="cond" truecount="0" falsecount="1"/>
      <line num="248" count="0" type="stmt"/>
      <line num="249" count="0" type="stmt"/>
      <line num="250" count="0" type="stmt"/>
      <line num="253" count="0" type="stmt"/>
      <line num="264" count="5" type="cond" truecount="2" falsecount="0"/>
      <line num="266" count="5" type="stmt"/>
      <line num="271" count="1" type="stmt"/>
      <line num="272" count="1" type="stmt"/>
      <line num="273" count="1" type="stmt"/>
      <line num="274" count="5" type="stmt"/>
      <line num="275" count="5" type="stmt"/>
      <line num="277" count="5" type="cond" truecount="2" falsecount="0"/>
      <line num="278" count="2" type="cond" truecount="1" falsecount="0"/>
      <line num="279" count="1" type="stmt"/>
      <line num="283" count="3" type="stmt"/>
      <line num="286" count="1" type="stmt"/>
      <line num="295" count="1" type="stmt"/>
      <line num="296" count="0" type="stmt"/>
      <line num="297" count="0" type="stmt"/>
      <line num="298" count="0" type="stmt"/>
      <line num="299" count="0" type="stmt"/>
      <line num="300" count="0" type="stmt"/>
      <line num="301" count="0" type="stmt"/>
      <line num="302" count="0" type="stmt"/>
      <line num="304" count="0" type="stmt"/>
      <line num="308" count="1" type="stmt"/>
      <line num="310" count="0" type="cond" truecount="0" falsecount="1"/>
      <line num="311" count="0" type="cond" truecount="0" falsecount="3"/>
      <line num="312" count="0" type="stmt"/>
      <line num="313" count="0" type="stmt"/>
      <line num="315" count="0" type="stmt"/>
    </file>
    <file name="defineType.ts" path="/home/rajol/s6/projets/tmp2/projetss6-tower-19051/src/defineType.ts">
      <metrics statements="4" coveredstatements="3" conditionals="0" coveredconditionals="0" methods="1" coveredmethods="0"/>
      <line num="1" count="1" type="stmt"/>
      <line num="53" count="1" type="stmt"/>
      <line num="54" count="0" type="stmt"/>
      <line num="58" count="1" type="stmt"/>
    </file>
    <file name="movements.ts" path="/home/rajol/s6/projets/tmp2/projetss6-tower-19051/src/movements.ts">
      <metrics statements="36" coveredstatements="24" conditionals="13" coveredconditionals="6" methods="5" coveredmethods="2"/>
      <line num="3" count="1" type="stmt"/>
      <line num="4" count="12" type="cond" truecount="5" falsecount="0"/>
      <line num="5" count="1" type="stmt"/>
      <line num="6" count="11" type="stmt"/>
      <line num="11" count="1" type="stmt"/>
      <line num="12" count="0" type="stmt"/>
      <line num="18" count="1" type="stmt"/>
      <line num="19" count="1" type="stmt"/>
      <line num="20" count="1" type="stmt"/>
      <line num="21" count="1" type="cond" truecount="1" falsecount="1"/>
      <line num="22" count="1" type="stmt"/>
      <line num="23" count="1" type="stmt"/>
      <line num="25" count="0" type="cond" truecount="0" falsecount="1"/>
      <line num="26" count="0" type="stmt"/>
      <line num="27" count="0" type="stmt"/>
      <line num="30" count="1" type="stmt"/>
      <line num="31" count="1" type="cond" truecount="0" falsecount="1"/>
      <line num="32" count="0" type="stmt"/>
      <line num="34" count="1" type="stmt"/>
      <line num="35" count="1" type="stmt"/>
      <line num="36" count="1" type="cond" truecount="0" falsecount="1"/>
      <line num="37" count="0" type="stmt"/>
      <line num="39" count="1" type="stmt"/>
      <line num="40" count="1" type="cond" truecount="0" falsecount="1"/>
      <line num="41" count="0" type="stmt"/>
      <line num="43" count="1" type="stmt"/>
      <line num="44" count="1" type="cond" truecount="0" falsecount="1"/>
      <line num="45" count="0" type="stmt"/>
      <line num="47" count="1" type="stmt"/>
      <line num="48" count="1" type="cond" truecount="0" falsecount="1"/>
      <line num="49" count="0" type="stmt"/>
      <line num="51" count="1" type="stmt"/>
      <line num="54" count="1" type="stmt"/>
      <line num="59" count="0" type="stmt"/>
      <line num="61" count="0" type="stmt"/>
      <line num="67" count="0" type="stmt"/>
    </file>
    <file name="optimal_road.ts" path="/home/rajol/s6/projets/tmp2/projetss6-tower-19051/src/optimal_road.ts">
      <metrics statements="55" coveredstatements="8" conditionals="20" coveredconditionals="5" methods="16" coveredmethods="1"/>
      <line num="2" count="1" type="stmt"/>
      <line num="6" count="1" type="stmt"/>
      <line num="7" count="0" type="stmt"/>
      <line num="12" count="1" type="stmt"/>
      <line num="13" count="0" type="stmt"/>
      <line num="14" count="0" type="stmt"/>
      <line num="19" count="1" type="stmt"/>
      <line num="20" count="2" type="cond" truecount="5" falsecount="0"/>
      <line num="24" count="1" type="stmt"/>
      <line num="25" count="0" type="stmt"/>
      <line num="26" count="0" type="cond" truecount="0" falsecount="1"/>
      <line num="28" count="0" type="stmt"/>
      <line num="29" count="0" type="stmt"/>
      <line num="30" count="0" type="stmt"/>
      <line num="31" count="0" type="stmt"/>
      <line num="32" count="0" type="stmt"/>
      <line num="33" count="0" type="stmt"/>
      <line num="34" count="0" type="stmt"/>
      <line num="35" count="0" type="stmt"/>
      <line num="38" count="0" type="stmt"/>
      <line num="43" count="0" type="cond" truecount="0" falsecount="2"/>
      <line num="44" count="0" type="cond" truecount="0" falsecount="2"/>
      <line num="50" count="0" type="stmt"/>
      <line num="51" count="0" type="stmt"/>
      <line num="59" count="0" type="stmt"/>
      <line num="60" count="0" type="stmt"/>
      <line num="61" count="0" type="stmt"/>
      <line num="63" count="0" type="stmt"/>
      <line num="64" count="0" type="stmt"/>
      <line num="65" count="0" type="cond" truecount="0" falsecount="1"/>
      <line num="67" count="0" type="stmt"/>
      <line num="68" count="0" type="cond" truecount="0" falsecount="1"/>
      <line num="69" count="0" type="stmt"/>
      <line num="74" count="0" type="stmt"/>
      <line num="81" count="1" type="stmt"/>
      <line num="82" count="0" type="stmt"/>
      <line num="83" count="0" type="stmt"/>
      <line num="84" count="0" type="stmt"/>
      <line num="86" count="0" type="stmt"/>
      <line num="87" count="0" type="stmt"/>
      <line num="88" count="0" type="stmt"/>
      <line num="89" count="0" type="stmt"/>
      <line num="92" count="0" type="cond" truecount="0" falsecount="4"/>
      <line num="93" count="0" type="stmt"/>
      <line num="95" count="0" type="stmt"/>
      <line num="96" count="0" type="stmt"/>
      <line num="97" count="0" type="stmt"/>
      <line num="100" count="0" type="stmt"/>
      <line num="109" count="1" type="stmt"/>
      <line num="110" count="0" type="stmt"/>
      <line num="111" count="0" type="cond" truecount="0" falsecount="1"/>
      <line num="112" count="0" type="stmt"/>
      <line num="113" count="0" type="cond" truecount="0" falsecount="3"/>
      <line num="114" count="0" type="stmt"/>
      <line num="116" count="0" type="stmt"/>
    </file>
    <file name="rand_road.ts" path="/home/rajol/s6/projets/tmp2/projetss6-tower-19051/src/rand_road.ts">
      <metrics statements="47" coveredstatements="47" conditionals="13" coveredconditionals="13" methods="11" coveredmethods="11"/>
      <line num="1" count="1" type="stmt"/>
      <line num="4" count="1" type="stmt"/>
      <line num="5" count="225" type="stmt"/>
      <line num="6" count="1" type="stmt"/>
      <line num="7" count="15" type="stmt"/>
      <line num="8" count="225" type="stmt"/>
      <line num="14" count="1" type="stmt"/>
      <line num="16" count="1" type="stmt"/>
      <line num="18" count="1" type="stmt"/>
      <line num="19" count="1" type="stmt"/>
      <line num="21" count="1" type="stmt"/>
      <line num="26" count="1" type="stmt"/>
      <line num="28" count="169" type="cond" truecount="1" falsecount="0"/>
      <line num="30" count="1" type="stmt"/>
      <line num="34" count="168" type="stmt"/>
      <line num="37" count="168" type="stmt"/>
      <line num="40" count="168" type="stmt"/>
      <line num="41" count="491" type="stmt"/>
      <line num="43" count="491" type="stmt"/>
      <line num="44" count="45287" type="cond" truecount="1" falsecount="0"/>
      <line num="45" count="323" type="stmt"/>
      <line num="46" count="323" type="stmt"/>
      <line num="50" count="491" type="cond" truecount="1" falsecount="0"/>
      <line num="52" count="168" type="stmt"/>
      <line num="54" count="168" type="stmt"/>
      <line num="55" count="168" type="cond" truecount="1" falsecount="0"/>
      <line num="57" count="63" type="stmt"/>
      <line num="59" count="63" type="stmt"/>
      <line num="65" count="105" type="stmt"/>
      <line num="69" count="1" type="stmt"/>
      <line num="70" count="168" type="stmt"/>
      <line num="71" count="168" type="stmt"/>
      <line num="73" count="168" type="stmt"/>
      <line num="79" count="672" type="stmt"/>
      <line num="81" count="168" type="stmt"/>
      <line num="86" count="1" type="stmt"/>
      <line num="87" count="168" type="stmt"/>
      <line num="88" count="466" type="stmt"/>
      <line num="89" count="466" type="stmt"/>
      <line num="95" count="1" type="stmt"/>
      <line num="96" count="1" type="stmt"/>
      <line num="97" count="1" type="cond" truecount="1" falsecount="0"/>
      <line num="98" count="1" type="stmt"/>
      <line num="99" count="64" type="stmt"/>
      <line num="100" count="64" type="stmt"/>
      <line num="103" count="1" type="stmt"/>
      <line num="104" count="1" type="stmt"/>
    </file>
    <file name="world.ts" path="/home/rajol/s6/projets/tmp2/projetss6-tower-19051/src/world.ts">
      <metrics statements="53" coveredstatements="46" conditionals="19" coveredconditionals="14" methods="8" coveredmethods="8"/>
      <line num="2" count="1" type="stmt"/>
      <line num="5" count="1" type="stmt"/>
      <line num="7" count="22" type="stmt"/>
      <line num="8" count="1638" type="stmt"/>
      <line num="9" count="22" type="stmt"/>
      <line num="10" count="156" type="stmt"/>
      <line num="11" count="1638" type="stmt"/>
      <line num="18" count="1" type="stmt"/>
      <line num="19" count="13" type="stmt"/>
      <line num="20" count="13" type="stmt"/>
      <line num="22" count="1" type="stmt"/>
      <line num="23" count="9" type="stmt"/>
      <line num="24" count="9" type="stmt"/>
      <line num="25" count="9" type="stmt"/>
      <line num="31" count="1" type="stmt"/>
      <line num="32" count="2" type="stmt"/>
      <line num="33" count="2" type="stmt"/>
      <line num="34" count="2" type="stmt"/>
      <line num="35" count="44" type="cond" truecount="5" falsecount="0"/>
      <line num="36" count="2" type="stmt"/>
      <line num="37" count="2" type="stmt"/>
      <line num="38" count="2" type="stmt"/>
      <line num="39" count="2" type="stmt"/>
      <line num="42" count="42" type="stmt"/>
      <line num="45" count="2" type="stmt"/>
      <line num="50" count="2" type="stmt"/>
      <line num="51" count="6" type="stmt"/>
      <line num="52" count="6" type="stmt"/>
      <line num="53" count="18" type="cond" truecount="7" falsecount="3"/>
      <line num="55" count="2" type="stmt"/>
      <line num="56" count="2" type="stmt"/>
      <line num="58" count="0" type="stmt"/>
      <line num="59" count="0" type="stmt"/>
      <line num="61" count="2" type="stmt"/>
      <line num="62" count="2" type="stmt"/>
      <line num="64" count="0" type="stmt"/>
      <line num="65" count="0" type="stmt"/>
      <line num="67" count="2" type="stmt"/>
      <line num="68" count="2" type="stmt"/>
      <line num="70" count="0" type="stmt"/>
      <line num="71" count="0" type="stmt"/>
      <line num="73" count="4" type="stmt"/>
      <line num="74" count="4" type="stmt"/>
      <line num="76" count="2" type="stmt"/>
      <line num="77" count="2" type="stmt"/>
      <line num="79" count="2" type="stmt"/>
      <line num="80" count="2" type="stmt"/>
      <line num="82" count="4" type="cond" truecount="2" falsecount="2"/>
      <line num="83" count="0" type="stmt"/>
      <line num="86" count="4" type="stmt"/>
      <line num="88" count="4" type="stmt"/>
      <line num="91" count="6" type="stmt"/>
      <line num="93" count="2" type="stmt"/>
    </file>
  </project>
</coverage>
