{"/home/rajol/s6/projets/tmp2/projetss6-tower-19051/src/Astar.ts": {"path":"/home/rajol/s6/projets/tmp2/projetss6-tower-19051/src/Astar.ts","statementMap":{"0":{"start":{"line":27,"column":33},"end":{"line":27,"column":53}},"1":{"start":{"line":28,"column":17},"end":{"line":28,"column":29}},"2":{"start":{"line":29,"column":17},"end":{"line":29,"column":34}},"3":{"start":{"line":30,"column":23},"end":{"line":30,"column":24}},"4":{"start":{"line":31,"column":4},"end":{"line":44,"column":null}},"5":{"start":{"line":32,"column":6},"end":{"line":34,"column":null}},"6":{"start":{"line":33,"column":8},"end":{"line":33,"column":36}},"7":{"start":{"line":35,"column":16},"end":{"line":35,"column":54}},"8":{"start":{"line":36,"column":6},"end":{"line":38,"column":null}},"9":{"start":{"line":37,"column":8},"end":{"line":37,"column":36}},"10":{"start":{"line":39,"column":16},"end":{"line":39,"column":37}},"11":{"start":{"line":40,"column":6},"end":{"line":42,"column":null}},"12":{"start":{"line":40,"column":19},"end":{"line":40,"column":20}},"13":{"start":{"line":41,"column":8},"end":{"line":41,"column":55}},"14":{"start":{"line":43,"column":6},"end":{"line":43,"column":36}},"15":{"start":{"line":45,"column":4},"end":{"line":45,"column":32}},"16":{"start":{"line":129,"column":4},"end":{"line":129,"column":9}},"17":{"start":{"line":50,"column":19},"end":{"line":50,"column":33}},"18":{"start":{"line":51,"column":4},"end":{"line":55,"column":null}},"19":{"start":{"line":52,"column":6},"end":{"line":52,"column":33}},"20":{"start":{"line":53,"column":6},"end":{"line":53,"column":24}},"21":{"start":{"line":54,"column":6},"end":{"line":54,"column":35}},"22":{"start":{"line":60,"column":4},"end":{"line":65,"column":null}},"23":{"start":{"line":61,"column":6},"end":{"line":61,"column":21}},"24":{"start":{"line":62,"column":6},"end":{"line":62,"column":18}},"25":{"start":{"line":63,"column":11},"end":{"line":65,"column":null}},"26":{"start":{"line":64,"column":6},"end":{"line":64,"column":18}},"27":{"start":{"line":70,"column":4},"end":{"line":70,"column":16}},"28":{"start":{"line":71,"column":4},"end":{"line":71,"column":19}},"29":{"start":{"line":77,"column":25},"end":{"line":77,"column":42}},"30":{"start":{"line":78,"column":30},"end":{"line":78,"column":47}},"31":{"start":{"line":79,"column":4},"end":{"line":82,"column":null}},"32":{"start":{"line":79,"column":17},"end":{"line":79,"column":18}},"33":{"start":{"line":80,"column":6},"end":{"line":80,"column":22}},"34":{"start":{"line":81,"column":6},"end":{"line":81,"column":21}},"35":{"start":{"line":83,"column":4},"end":{"line":83,"column":15}},"36":{"start":{"line":84,"column":4},"end":{"line":84,"column":23}},"37":{"start":{"line":89,"column":27},"end":{"line":89,"column":31}},"38":{"start":{"line":90,"column":18},"end":{"line":90,"column":26}},"39":{"start":{"line":91,"column":4},"end":{"line":97,"column":null}},"40":{"start":{"line":91,"column":20},"end":{"line":91,"column":33}},"41":{"start":{"line":91,"column":41},"end":{"line":91,"column":52}},"42":{"start":{"line":92,"column":18},"end":{"line":92,"column":27}},"43":{"start":{"line":93,"column":8},"end":{"line":96,"column":null}},"44":{"start":{"line":94,"column":12},"end":{"line":94,"column":18}},"45":{"start":{"line":95,"column":12},"end":{"line":95,"column":47}},"46":{"start":{"line":98,"column":4},"end":{"line":98,"column":14}},"47":{"start":{"line":103,"column":24},"end":{"line":103,"column":26}},"48":{"start":{"line":104,"column":4},"end":{"line":113,"column":null}},"49":{"start":{"line":104,"column":17},"end":{"line":104,"column":18}},"50":{"start":{"line":106,"column":6},"end":{"line":112,"column":null}},"51":{"start":{"line":107,"column":8},"end":{"line":111,"column":11}},"52":{"start":{"line":114,"column":4},"end":{"line":114,"column":16}},"53":{"start":{"line":118,"column":4},"end":{"line":118,"column":35}},"54":{"start":{"line":124,"column":4},"end":{"line":124,"column":55}},"55":{"start":{"line":124,"column":46},"end":{"line":124,"column":55}},"56":{"start":{"line":125,"column":4},"end":{"line":125,"column":13}}},"fnMap":{"0":{"name":"Astar","decl":{"start":{"line":26,"column":11},"end":{"line":26,"column":16}},"loc":{"start":{"line":26,"column":47},"end":{"line":46,"column":3}}},"1":{"name":"Relax","decl":{"start":{"line":49,"column":11},"end":{"line":49,"column":16}},"loc":{"start":{"line":49,"column":102},"end":{"line":56,"column":3}}},"2":{"name":"ColorNodeGray","decl":{"start":{"line":59,"column":11},"end":{"line":59,"column":24}},"loc":{"start":{"line":59,"column":72},"end":{"line":66,"column":3}}},"3":{"name":"ColorNodeBlack","decl":{"start":{"line":69,"column":11},"end":{"line":69,"column":25}},"loc":{"start":{"line":69,"column":73},"end":{"line":72,"column":3}}},"4":{"name":"Initialization","decl":{"start":{"line":76,"column":11},"end":{"line":76,"column":25}},"loc":{"start":{"line":76,"column":45},"end":{"line":85,"column":3}}},"5":{"name":"CalculateDplusHmin","decl":{"start":{"line":88,"column":11},"end":{"line":88,"column":29}},"loc":{"start":{"line":88,"column":70},"end":{"line":99,"column":3}}},"6":{"name":"GetOutgoingArcs","decl":{"start":{"line":102,"column":11},"end":{"line":102,"column":26}},"loc":{"start":{"line":102,"column":46},"end":{"line":115,"column":3}}},"7":{"name":"GetWeight","decl":{"start":{"line":117,"column":11},"end":{"line":117,"column":20}},"loc":{"start":{"line":117,"column":37},"end":{"line":119,"column":3}}},"8":{"name":"Heuristic","decl":{"start":{"line":122,"column":11},"end":{"line":122,"column":20}},"loc":{"start":{"line":122,"column":40},"end":{"line":126,"column":3}}}},"branchMap":{"0":{"loc":{"start":{"line":32,"column":6},"end":{"line":34,"column":null}},"type":"if","locations":[{"start":{"line":32,"column":6},"end":{"line":34,"column":null}}]},"1":{"loc":{"start":{"line":36,"column":6},"end":{"line":38,"column":null}},"type":"if","locations":[{"start":{"line":36,"column":6},"end":{"line":38,"column":null}}]},"2":{"loc":{"start":{"line":51,"column":4},"end":{"line":55,"column":null}},"type":"if","locations":[{"start":{"line":51,"column":4},"end":{"line":55,"column":null}}]},"3":{"loc":{"start":{"line":60,"column":4},"end":{"line":65,"column":null}},"type":"if","locations":[{"start":{"line":60,"column":4},"end":{"line":65,"column":null}},{"start":{"line":63,"column":11},"end":{"line":65,"column":null}}]},"4":{"loc":{"start":{"line":63,"column":11},"end":{"line":65,"column":null}},"type":"if","locations":[{"start":{"line":63,"column":11},"end":{"line":65,"column":null}}]},"5":{"loc":{"start":{"line":93,"column":8},"end":{"line":96,"column":null}},"type":"if","locations":[{"start":{"line":93,"column":8},"end":{"line":96,"column":null}}]},"6":{"loc":{"start":{"line":106,"column":6},"end":{"line":112,"column":null}},"type":"if","locations":[{"start":{"line":106,"column":6},"end":{"line":112,"column":null}}]},"7":{"loc":{"start":{"line":124,"column":4},"end":{"line":124,"column":55}},"type":"if","locations":[{"start":{"line":124,"column":4},"end":{"line":124,"column":55}}]}},"s":{"0":2,"1":2,"2":2,"3":2,"4":2,"5":12,"6":2,"7":10,"8":10,"9":0,"10":10,"11":10,"12":10,"13":26,"14":10,"15":0,"16":1,"17":26,"18":26,"19":8,"20":8,"21":8,"22":8,"23":0,"24":0,"25":8,"26":8,"27":10,"28":10,"29":2,"30":2,"31":2,"32":2,"33":10,"34":10,"35":2,"36":2,"37":10,"38":10,"39":10,"40":10,"41":10,"42":17,"43":17,"44":11,"45":11,"46":10,"47":10,"48":10,"49":10,"50":50,"51":26,"52":10,"53":0,"54":28,"55":4,"56":24},"f":{"0":2,"1":26,"2":8,"3":10,"4":2,"5":10,"6":10,"7":0,"8":28},"b":{"0":[2],"1":[0],"2":[8],"3":[0,8],"4":[8],"5":[11],"6":[26],"7":[4]}}
,"/home/rajol/s6/projets/tmp2/projetss6-tower-19051/src/actors.ts": {"path":"/home/rajol/s6/projets/tmp2/projetss6-tower-19051/src/actors.ts","statementMap":{"0":{"start":{"line":1,"column":0},"end":{"line":1,"column":88}},"1":{"start":{"line":2,"column":0},"end":{"line":2,"column":63}},"2":{"start":{"line":3,"column":0},"end":{"line":3,"column":84}},"3":{"start":{"line":9,"column":27},"end":{"line":18,"column":1}},"4":{"start":{"line":10,"column":4},"end":{"line":16,"column":null}},"5":{"start":{"line":11,"column":8},"end":{"line":14,"column":10}},"6":{"start":{"line":15,"column":8},"end":{"line":15,"column":17}},"7":{"start":{"line":17,"column":4},"end":{"line":17,"column":13}},"8":{"start":{"line":9,"column":13},"end":{"line":9,"column":27}},"9":{"start":{"line":21,"column":42},"end":{"line":23,"column":5}},"10":{"start":{"line":22,"column":8},"end":{"line":22,"column":45}},"11":{"start":{"line":24,"column":23},"end":{"line":24,"column":62}},"12":{"start":{"line":25,"column":4},"end":{"line":25,"column":24}},"13":{"start":{"line":28,"column":30},"end":{"line":40,"column":3}},"14":{"start":{"line":29,"column":43},"end":{"line":31,"column":7}},"15":{"start":{"line":30,"column":8},"end":{"line":30,"column":46}},"16":{"start":{"line":32,"column":35},"end":{"line":34,"column":21}},"17":{"start":{"line":33,"column":6},"end":{"line":33,"column":76}},"18":{"start":{"line":33,"column":25},"end":{"line":33,"column":33}},"19":{"start":{"line":33,"column":50},"end":{"line":33,"column":75}},"20":{"start":{"line":36,"column":4},"end":{"line":38,"column":null}},"21":{"start":{"line":36,"column":25},"end":{"line":36,"column":26}},"22":{"start":{"line":37,"column":8},"end":{"line":37,"column":62}},"23":{"start":{"line":39,"column":4},"end":{"line":39,"column":13}},"24":{"start":{"line":28,"column":13},"end":{"line":28,"column":30}},"25":{"start":{"line":43,"column":30},"end":{"line":45,"column":1}},"26":{"start":{"line":44,"column":4},"end":{"line":44,"column":65}},"27":{"start":{"line":43,"column":13},"end":{"line":43,"column":30}},"28":{"start":{"line":47,"column":31},"end":{"line":49,"column":1}},"29":{"start":{"line":48,"column":4},"end":{"line":48,"column":66}},"30":{"start":{"line":47,"column":13},"end":{"line":47,"column":31}},"31":{"start":{"line":52,"column":30},"end":{"line":54,"column":1}},"32":{"start":{"line":53,"column":4},"end":{"line":53,"column":65}},"33":{"start":{"line":52,"column":13},"end":{"line":52,"column":30}},"34":{"start":{"line":58,"column":4},"end":{"line":58,"column":86}},"35":{"start":{"line":60,"column":34},"end":{"line":71,"column":1}},"36":{"start":{"line":61,"column":28},"end":{"line":61,"column":30}},"37":{"start":{"line":62,"column":26},"end":{"line":62,"column":64}},"38":{"start":{"line":63,"column":4},"end":{"line":69,"column":null}},"39":{"start":{"line":63,"column":23},"end":{"line":63,"column":32}},"40":{"start":{"line":64,"column":8},"end":{"line":68,"column":null}},"41":{"start":{"line":64,"column":26},"end":{"line":64,"column":35}},"42":{"start":{"line":65,"column":14},"end":{"line":67,"column":null}},"43":{"start":{"line":66,"column":16},"end":{"line":66,"column":79}},"44":{"start":{"line":70,"column":4},"end":{"line":70,"column":19}},"45":{"start":{"line":60,"column":13},"end":{"line":60,"column":34}},"46":{"start":{"line":73,"column":31},"end":{"line":84,"column":1}},"47":{"start":{"line":74,"column":28},"end":{"line":74,"column":30}},"48":{"start":{"line":75,"column":26},"end":{"line":75,"column":64}},"49":{"start":{"line":76,"column":4},"end":{"line":82,"column":null}},"50":{"start":{"line":76,"column":23},"end":{"line":76,"column":32}},"51":{"start":{"line":77,"column":8},"end":{"line":81,"column":null}},"52":{"start":{"line":77,"column":26},"end":{"line":77,"column":35}},"53":{"start":{"line":78,"column":12},"end":{"line":80,"column":null}},"54":{"start":{"line":79,"column":16},"end":{"line":79,"column":79}},"55":{"start":{"line":83,"column":4},"end":{"line":83,"column":19}},"56":{"start":{"line":73,"column":13},"end":{"line":73,"column":31}},"57":{"start":{"line":87,"column":29},"end":{"line":87,"column":55}},"58":{"start":{"line":88,"column":4},"end":{"line":97,"column":null}},"59":{"start":{"line":89,"column":7},"end":{"line":96,"column":null}},"60":{"start":{"line":89,"column":28},"end":{"line":89,"column":29}},"61":{"start":{"line":90,"column":8},"end":{"line":91,"column":42}},"62":{"start":{"line":92,"column":8},"end":{"line":95,"column":null}},"63":{"start":{"line":93,"column":12},"end":{"line":93,"column":39}},"64":{"start":{"line":94,"column":12},"end":{"line":94,"column":23}},"65":{"start":{"line":98,"column":4},"end":{"line":98,"column":13}},"66":{"start":{"line":102,"column":29},"end":{"line":128,"column":3}},"67":{"start":{"line":104,"column":33},"end":{"line":104,"column":59}},"68":{"start":{"line":105,"column":8},"end":{"line":121,"column":null}},"69":{"start":{"line":113,"column":11},"end":{"line":120,"column":null}},"70":{"start":{"line":113,"column":32},"end":{"line":113,"column":33}},"71":{"start":{"line":114,"column":12},"end":{"line":115,"column":46}},"72":{"start":{"line":116,"column":12},"end":{"line":119,"column":null}},"73":{"start":{"line":117,"column":16},"end":{"line":117,"column":43}},"74":{"start":{"line":118,"column":16},"end":{"line":118,"column":27}},"75":{"start":{"line":122,"column":8},"end":{"line":122,"column":17}},"76":{"start":{"line":124,"column":4},"end":{"line":126,"column":null}},"77":{"start":{"line":124,"column":17},"end":{"line":124,"column":18}},"78":{"start":{"line":125,"column":8},"end":{"line":125,"column":41}},"79":{"start":{"line":127,"column":4},"end":{"line":127,"column":13}},"80":{"start":{"line":102,"column":13},"end":{"line":102,"column":29}},"81":{"start":{"line":132,"column":4},"end":{"line":138,"column":null}},"82":{"start":{"line":132,"column":14},"end":{"line":132,"column":15}},"83":{"start":{"line":133,"column":8},"end":{"line":137,"column":null}},"84":{"start":{"line":134,"column":12},"end":{"line":134,"column":34}},"85":{"start":{"line":135,"column":12},"end":{"line":135,"column":61}},"86":{"start":{"line":136,"column":12},"end":{"line":136,"column":21}},"87":{"start":{"line":139,"column":4},"end":{"line":139,"column":13}},"88":{"start":{"line":130,"column":0},"end":{"line":130,"column":16}},"89":{"start":{"line":143,"column":4},"end":{"line":143,"column":40}},"90":{"start":{"line":145,"column":29},"end":{"line":180,"column":1}},"91":{"start":{"line":146,"column":43},"end":{"line":148,"column":7}},"92":{"start":{"line":147,"column":8},"end":{"line":147,"column":46}},"93":{"start":{"line":149,"column":37},"end":{"line":151,"column":21}},"94":{"start":{"line":150,"column":6},"end":{"line":150,"column":76}},"95":{"start":{"line":150,"column":25},"end":{"line":150,"column":33}},"96":{"start":{"line":150,"column":50},"end":{"line":150,"column":75}},"97":{"start":{"line":152,"column":18},"end":{"line":152,"column":19}},"98":{"start":{"line":153,"column":24},"end":{"line":153,"column":25}},"99":{"start":{"line":154,"column":4},"end":{"line":178,"column":null}},"100":{"start":{"line":155,"column":31},"end":{"line":155,"column":79}},"101":{"start":{"line":156,"column":21},"end":{"line":156,"column":48}},"102":{"start":{"line":157,"column":8},"end":{"line":176,"column":null}},"103":{"start":{"line":158,"column":12},"end":{"line":165,"column":null}},"104":{"start":{"line":159,"column":16},"end":{"line":159,"column":83}},"105":{"start":{"line":160,"column":16},"end":{"line":163,"column":19}},"106":{"start":{"line":164,"column":16},"end":{"line":164,"column":24}},"107":{"start":{"line":168,"column":12},"end":{"line":175,"column":null}},"108":{"start":{"line":169,"column":16},"end":{"line":169,"column":84}},"109":{"start":{"line":170,"column":16},"end":{"line":173,"column":19}},"110":{"start":{"line":174,"column":16},"end":{"line":174,"column":24}},"111":{"start":{"line":177,"column":8},"end":{"line":177,"column":12}},"112":{"start":{"line":179,"column":4},"end":{"line":179,"column":13}},"113":{"start":{"line":145,"column":13},"end":{"line":145,"column":29}},"114":{"start":{"line":182,"column":25},"end":{"line":211,"column":1}},"115":{"start":{"line":183,"column":25},"end":{"line":183,"column":52}},"116":{"start":{"line":184,"column":4},"end":{"line":209,"column":null}},"117":{"start":{"line":185,"column":8},"end":{"line":196,"column":null}},"118":{"start":{"line":186,"column":12},"end":{"line":189,"column":14}},"119":{"start":{"line":191,"column":13},"end":{"line":196,"column":null}},"120":{"start":{"line":192,"column":12},"end":{"line":195,"column":14}},"121":{"start":{"line":197,"column":8},"end":{"line":208,"column":null}},"122":{"start":{"line":198,"column":12},"end":{"line":201,"column":14}},"123":{"start":{"line":203,"column":13},"end":{"line":208,"column":null}},"124":{"start":{"line":204,"column":12},"end":{"line":207,"column":14}},"125":{"start":{"line":210,"column":4},"end":{"line":210,"column":13}},"126":{"start":{"line":182,"column":13},"end":{"line":182,"column":25}},"127":{"start":{"line":216,"column":4},"end":{"line":220,"column":null}},"128":{"start":{"line":217,"column":8},"end":{"line":217,"column":46}},"129":{"start":{"line":218,"column":8},"end":{"line":219,"column":50}},"130":{"start":{"line":221,"column":3},"end":{"line":221,"column":12}},"131":{"start":{"line":215,"column":0},"end":{"line":215,"column":16}},"132":{"start":{"line":225,"column":4},"end":{"line":227,"column":null}},"133":{"start":{"line":226,"column":8},"end":{"line":226,"column":17}},"134":{"start":{"line":228,"column":4},"end":{"line":228,"column":13}},"135":{"start":{"line":224,"column":0},"end":{"line":224,"column":16}},"136":{"start":{"line":237,"column":29},"end":{"line":237,"column":31}},"137":{"start":{"line":239,"column":4},"end":{"line":252,"column":null}},"138":{"start":{"line":239,"column":26},"end":{"line":239,"column":27}},"139":{"start":{"line":241,"column":8},"end":{"line":251,"column":null}},"140":{"start":{"line":242,"column":38},"end":{"line":242,"column":106}},"141":{"start":{"line":243,"column":32},"end":{"line":243,"column":155}},"142":{"start":{"line":244,"column":12},"end":{"line":244,"column":27}},"143":{"start":{"line":247,"column":13},"end":{"line":251,"column":null}},"144":{"start":{"line":248,"column":37},"end":{"line":248,"column":95}},"145":{"start":{"line":249,"column":35},"end":{"line":249,"column":156}},"146":{"start":{"line":250,"column":16},"end":{"line":250,"column":30}},"147":{"start":{"line":253,"column":4},"end":{"line":253,"column":17}},"148":{"start":{"line":236,"column":0},"end":{"line":236,"column":16}},"149":{"start":{"line":264,"column":4},"end":{"line":265,"column":53}},"150":{"start":{"line":266,"column":4},"end":{"line":266,"column":13}},"151":{"start":{"line":272,"column":38},"end":{"line":272,"column":40}},"152":{"start":{"line":273,"column":4},"end":{"line":285,"column":null}},"153":{"start":{"line":274,"column":22},"end":{"line":275,"column":null}},"154":{"start":{"line":275,"column":10},"end":{"line":275,"column":48}},"155":{"start":{"line":277,"column":8},"end":{"line":284,"column":null}},"156":{"start":{"line":278,"column":10},"end":{"line":280,"column":null}},"157":{"start":{"line":279,"column":12},"end":{"line":279,"column":44}},"158":{"start":{"line":283,"column":10},"end":{"line":283,"column":39}},"159":{"start":{"line":286,"column":4},"end":{"line":286,"column":27}},"160":{"start":{"line":271,"column":0},"end":{"line":271,"column":16}},"161":{"start":{"line":296,"column":38},"end":{"line":296,"column":59}},"162":{"start":{"line":297,"column":4},"end":{"line":303,"column":null}},"163":{"start":{"line":297,"column":24},"end":{"line":297,"column":25}},"164":{"start":{"line":298,"column":29},"end":{"line":298,"column":47}},"165":{"start":{"line":299,"column":8},"end":{"line":299,"column":90}},"166":{"start":{"line":300,"column":8},"end":{"line":300,"column":97}},"167":{"start":{"line":301,"column":8},"end":{"line":301,"column":53}},"168":{"start":{"line":302,"column":8},"end":{"line":302,"column":53}},"169":{"start":{"line":304,"column":4},"end":{"line":304,"column":18}},"170":{"start":{"line":295,"column":0},"end":{"line":295,"column":16}},"171":{"start":{"line":310,"column":8},"end":{"line":310,"column":35}},"172":{"start":{"line":310,"column":26},"end":{"line":310,"column":35}},"173":{"start":{"line":311,"column":8},"end":{"line":312,"column":21}},"174":{"start":{"line":312,"column":12},"end":{"line":312,"column":21}},"175":{"start":{"line":313,"column":8},"end":{"line":313,"column":32}},"176":{"start":{"line":315,"column":5},"end":{"line":315,"column":30}},"177":{"start":{"line":308,"column":0},"end":{"line":308,"column":16}}},"fnMap":{"0":{"name":"(anonymous_0)","decl":{"start":{"line":9,"column":27},"end":{"line":9,"column":28}},"loc":{"start":{"line":9,"column":67},"end":{"line":18,"column":1}}},"1":{"name":"IsGoodTreePlacement","decl":{"start":{"line":20,"column":9},"end":{"line":20,"column":28}},"loc":{"start":{"line":20,"column":47},"end":{"line":26,"column":3}}},"2":{"name":"(anonymous_2)","decl":{"start":{"line":21,"column":42},"end":{"line":21,"column":43}},"loc":{"start":{"line":21,"column":55},"end":{"line":23,"column":5}}},"3":{"name":"(anonymous_3)","decl":{"start":{"line":28,"column":30},"end":{"line":28,"column":31}},"loc":{"start":{"line":28,"column":49},"end":{"line":40,"column":3}}},"4":{"name":"(anonymous_4)","decl":{"start":{"line":29,"column":43},"end":{"line":29,"column":44}},"loc":{"start":{"line":29,"column":56},"end":{"line":31,"column":7}}},"5":{"name":"(anonymous_5)","decl":{"start":{"line":32,"column":52},"end":{"line":32,"column":53}},"loc":{"start":{"line":33,"column":6},"end":{"line":33,"column":76}}},"6":{"name":"(anonymous_6)","decl":{"start":{"line":33,"column":14},"end":{"line":33,"column":15}},"loc":{"start":{"line":33,"column":25},"end":{"line":33,"column":33}}},"7":{"name":"(anonymous_7)","decl":{"start":{"line":33,"column":43},"end":{"line":33,"column":44}},"loc":{"start":{"line":33,"column":50},"end":{"line":33,"column":75}}},"8":{"name":"(anonymous_8)","decl":{"start":{"line":43,"column":30},"end":{"line":43,"column":31}},"loc":{"start":{"line":43,"column":67},"end":{"line":45,"column":1}}},"9":{"name":"(anonymous_9)","decl":{"start":{"line":47,"column":31},"end":{"line":47,"column":32}},"loc":{"start":{"line":47,"column":71},"end":{"line":49,"column":1}}},"10":{"name":"(anonymous_10)","decl":{"start":{"line":52,"column":30},"end":{"line":52,"column":31}},"loc":{"start":{"line":52,"column":70},"end":{"line":54,"column":1}}},"11":{"name":"isValidPosition","decl":{"start":{"line":57,"column":9},"end":{"line":57,"column":24}},"loc":{"start":{"line":57,"column":45},"end":{"line":59,"column":1}}},"12":{"name":"(anonymous_12)","decl":{"start":{"line":60,"column":34},"end":{"line":60,"column":35}},"loc":{"start":{"line":60,"column":66},"end":{"line":71,"column":1}}},"13":{"name":"(anonymous_13)","decl":{"start":{"line":73,"column":31},"end":{"line":73,"column":32}},"loc":{"start":{"line":73,"column":63},"end":{"line":84,"column":1}}},"14":{"name":"FlameTowerAttack","decl":{"start":{"line":86,"column":9},"end":{"line":86,"column":25}},"loc":{"start":{"line":86,"column":45},"end":{"line":99,"column":1}}},"15":{"name":"(anonymous_15)","decl":{"start":{"line":102,"column":29},"end":{"line":102,"column":30}},"loc":{"start":{"line":102,"column":49},"end":{"line":128,"column":3}}},"16":{"name":"TowerAttack","decl":{"start":{"line":103,"column":13},"end":{"line":103,"column":24}},"loc":{"start":{"line":103,"column":44},"end":{"line":123,"column":9}}},"17":{"name":"killActor","decl":{"start":{"line":130,"column":16},"end":{"line":130,"column":25}},"loc":{"start":{"line":130,"column":43},"end":{"line":140,"column":1}}},"18":{"name":"IsGoodTowerPlacement","decl":{"start":{"line":142,"column":9},"end":{"line":142,"column":29}},"loc":{"start":{"line":142,"column":49},"end":{"line":144,"column":1}}},"19":{"name":"(anonymous_19)","decl":{"start":{"line":145,"column":29},"end":{"line":145,"column":30}},"loc":{"start":{"line":145,"column":70},"end":{"line":180,"column":1}}},"20":{"name":"(anonymous_20)","decl":{"start":{"line":146,"column":43},"end":{"line":146,"column":44}},"loc":{"start":{"line":146,"column":56},"end":{"line":148,"column":7}}},"21":{"name":"(anonymous_21)","decl":{"start":{"line":149,"column":54},"end":{"line":149,"column":55}},"loc":{"start":{"line":150,"column":6},"end":{"line":150,"column":76}}},"22":{"name":"(anonymous_22)","decl":{"start":{"line":150,"column":14},"end":{"line":150,"column":15}},"loc":{"start":{"line":150,"column":25},"end":{"line":150,"column":33}}},"23":{"name":"(anonymous_23)","decl":{"start":{"line":150,"column":43},"end":{"line":150,"column":44}},"loc":{"start":{"line":150,"column":50},"end":{"line":150,"column":75}}},"24":{"name":"(anonymous_24)","decl":{"start":{"line":182,"column":25},"end":{"line":182,"column":26}},"loc":{"start":{"line":182,"column":66},"end":{"line":211,"column":1}}},"25":{"name":"addActorsToWorld","decl":{"start":{"line":215,"column":16},"end":{"line":215,"column":32}},"loc":{"start":{"line":215,"column":75},"end":{"line":222,"column":1}}},"26":{"name":"in_astar","decl":{"start":{"line":224,"column":16},"end":{"line":224,"column":24}},"loc":{"start":{"line":224,"column":43},"end":{"line":229,"column":1}}},"27":{"name":"gamePhase","decl":{"start":{"line":236,"column":16},"end":{"line":236,"column":25}},"loc":{"start":{"line":236,"column":63},"end":{"line":254,"column":1}}},"28":{"name":"compareActions","decl":{"start":{"line":262,"column":9},"end":{"line":262,"column":23}},"loc":{"start":{"line":262,"column":56},"end":{"line":267,"column":3}}},"29":{"name":"FilterActions","decl":{"start":{"line":271,"column":16},"end":{"line":271,"column":29}},"loc":{"start":{"line":271,"column":47},"end":{"line":287,"column":3}}},"30":{"name":"(anonymous_30)","decl":{"start":{"line":274,"column":48},"end":{"line":274,"column":49}},"loc":{"start":{"line":275,"column":10},"end":{"line":275,"column":48}}},"31":{"name":"gameMotor","decl":{"start":{"line":295,"column":16},"end":{"line":295,"column":25}},"loc":{"start":{"line":295,"column":57},"end":{"line":305,"column":3}}},"32":{"name":"gameover","decl":{"start":{"line":308,"column":16},"end":{"line":308,"column":24}},"loc":{"start":{"line":308,"column":48},"end":{"line":316,"column":1}}},"33":{"name":"rec","decl":{"start":{"line":309,"column":13},"end":{"line":309,"column":16}},"loc":{"start":{"line":309,"column":30},"end":{"line":314,"column":5}}}},"branchMap":{"0":{"loc":{"start":{"line":10,"column":4},"end":{"line":16,"column":null}},"type":"if","locations":[{"start":{"line":10,"column":4},"end":{"line":16,"column":null}}]},"1":{"loc":{"start":{"line":58,"column":12},"end":{"line":58,"column":85}},"type":"binary-expr","locations":[{"start":{"line":58,"column":12},"end":{"line":58,"column":26}},{"start":{"line":58,"column":30},"end":{"line":58,"column":44}},{"start":{"line":58,"column":48},"end":{"line":58,"column":61}},{"start":{"line":58,"column":65},"end":{"line":58,"column":73}},{"start":{"line":58,"column":77},"end":{"line":58,"column":85}}]},"2":{"loc":{"start":{"line":65,"column":14},"end":{"line":67,"column":null}},"type":"if","locations":[{"start":{"line":65,"column":14},"end":{"line":67,"column":null}}]},"3":{"loc":{"start":{"line":65,"column":18},"end":{"line":65,"column":160}},"type":"binary-expr","locations":[{"start":{"line":65,"column":18},"end":{"line":65,"column":52}},{"start":{"line":65,"column":57},"end":{"line":65,"column":104}},{"start":{"line":65,"column":108},"end":{"line":65,"column":158}}]},"4":{"loc":{"start":{"line":78,"column":12},"end":{"line":80,"column":null}},"type":"if","locations":[{"start":{"line":78,"column":12},"end":{"line":80,"column":null}}]},"5":{"loc":{"start":{"line":88,"column":4},"end":{"line":97,"column":null}},"type":"if","locations":[{"start":{"line":88,"column":4},"end":{"line":97,"column":null}}]},"6":{"loc":{"start":{"line":92,"column":8},"end":{"line":95,"column":null}},"type":"if","locations":[{"start":{"line":92,"column":8},"end":{"line":95,"column":null}}]},"7":{"loc":{"start":{"line":105,"column":8},"end":{"line":121,"column":null}},"type":"if","locations":[{"start":{"line":105,"column":8},"end":{"line":121,"column":null}}]},"8":{"loc":{"start":{"line":116,"column":12},"end":{"line":119,"column":null}},"type":"if","locations":[{"start":{"line":116,"column":12},"end":{"line":119,"column":null}}]},"9":{"loc":{"start":{"line":133,"column":8},"end":{"line":137,"column":null}},"type":"if","locations":[{"start":{"line":133,"column":8},"end":{"line":137,"column":null}}]},"10":{"loc":{"start":{"line":133,"column":11},"end":{"line":133,"column":61}},"type":"binary-expr","locations":[{"start":{"line":133,"column":11},"end":{"line":133,"column":34}},{"start":{"line":133,"column":38},"end":{"line":133,"column":61}}]},"11":{"loc":{"start":{"line":154,"column":11},"end":{"line":154,"column":40}},"type":"binary-expr","locations":[{"start":{"line":154,"column":11},"end":{"line":154,"column":27}},{"start":{"line":154,"column":31},"end":{"line":154,"column":40}}]},"12":{"loc":{"start":{"line":157,"column":8},"end":{"line":176,"column":null}},"type":"if","locations":[{"start":{"line":157,"column":8},"end":{"line":176,"column":null}},{"start":{"line":167,"column":12},"end":{"line":176,"column":null}}]},"13":{"loc":{"start":{"line":158,"column":12},"end":{"line":165,"column":null}},"type":"if","locations":[{"start":{"line":158,"column":12},"end":{"line":165,"column":null}}]},"14":{"loc":{"start":{"line":158,"column":15},"end":{"line":158,"column":86}},"type":"binary-expr","locations":[{"start":{"line":158,"column":15},"end":{"line":158,"column":34}},{"start":{"line":158,"column":38},"end":{"line":158,"column":86}}]},"15":{"loc":{"start":{"line":168,"column":12},"end":{"line":175,"column":null}},"type":"if","locations":[{"start":{"line":168,"column":12},"end":{"line":175,"column":null}}]},"16":{"loc":{"start":{"line":168,"column":15},"end":{"line":168,"column":86}},"type":"binary-expr","locations":[{"start":{"line":168,"column":15},"end":{"line":168,"column":34}},{"start":{"line":168,"column":38},"end":{"line":168,"column":86}}]},"17":{"loc":{"start":{"line":184,"column":4},"end":{"line":209,"column":null}},"type":"if","locations":[{"start":{"line":184,"column":4},"end":{"line":209,"column":null}}]},"18":{"loc":{"start":{"line":185,"column":8},"end":{"line":196,"column":null}},"type":"if","locations":[{"start":{"line":185,"column":8},"end":{"line":196,"column":null}},{"start":{"line":191,"column":13},"end":{"line":196,"column":null}}]},"19":{"loc":{"start":{"line":191,"column":13},"end":{"line":196,"column":null}},"type":"if","locations":[{"start":{"line":191,"column":13},"end":{"line":196,"column":null}}]},"20":{"loc":{"start":{"line":197,"column":8},"end":{"line":208,"column":null}},"type":"if","locations":[{"start":{"line":197,"column":8},"end":{"line":208,"column":null}},{"start":{"line":203,"column":13},"end":{"line":208,"column":null}}]},"21":{"loc":{"start":{"line":203,"column":13},"end":{"line":208,"column":null}},"type":"if","locations":[{"start":{"line":203,"column":13},"end":{"line":208,"column":null}}]},"22":{"loc":{"start":{"line":216,"column":4},"end":{"line":220,"column":null}},"type":"if","locations":[{"start":{"line":216,"column":4},"end":{"line":220,"column":null}}]},"23":{"loc":{"start":{"line":225,"column":4},"end":{"line":227,"column":null}},"type":"if","locations":[{"start":{"line":225,"column":4},"end":{"line":227,"column":null}}]},"24":{"loc":{"start":{"line":225,"column":7},"end":{"line":225,"column":29}},"type":"binary-expr","locations":[{"start":{"line":225,"column":7},"end":{"line":225,"column":16}},{"start":{"line":225,"column":20},"end":{"line":225,"column":29}}]},"25":{"loc":{"start":{"line":241,"column":8},"end":{"line":251,"column":null}},"type":"if","locations":[{"start":{"line":241,"column":8},"end":{"line":251,"column":null}},{"start":{"line":247,"column":13},"end":{"line":251,"column":null}}]},"26":{"loc":{"start":{"line":247,"column":13},"end":{"line":251,"column":null}},"type":"if","locations":[{"start":{"line":247,"column":13},"end":{"line":251,"column":null}}]},"27":{"loc":{"start":{"line":264,"column":4},"end":{"line":265,"column":53}},"type":"binary-expr","locations":[{"start":{"line":264,"column":4},"end":{"line":264,"column":53}},{"start":{"line":265,"column":4},"end":{"line":265,"column":53}}]},"28":{"loc":{"start":{"line":277,"column":8},"end":{"line":284,"column":null}},"type":"if","locations":[{"start":{"line":277,"column":8},"end":{"line":284,"column":null}},{"start":{"line":282,"column":13},"end":{"line":284,"column":null}}]},"29":{"loc":{"start":{"line":278,"column":10},"end":{"line":280,"column":null}},"type":"if","locations":[{"start":{"line":278,"column":10},"end":{"line":280,"column":null}}]},"30":{"loc":{"start":{"line":310,"column":8},"end":{"line":310,"column":35}},"type":"if","locations":[{"start":{"line":310,"column":8},"end":{"line":310,"column":35}}]},"31":{"loc":{"start":{"line":311,"column":8},"end":{"line":312,"column":21}},"type":"if","locations":[{"start":{"line":311,"column":8},"end":{"line":312,"column":21}}]},"32":{"loc":{"start":{"line":311,"column":11},"end":{"line":311,"column":85}},"type":"binary-expr","locations":[{"start":{"line":311,"column":11},"end":{"line":311,"column":52}},{"start":{"line":311,"column":56},"end":{"line":311,"column":85}}]}},"s":{"0":1,"1":1,"2":1,"3":1,"4":5,"5":5,"6":5,"7":0,"8":1,"9":0,"10":0,"11":0,"12":0,"13":1,"14":0,"15":0,"16":0,"17":0,"18":0,"19":0,"20":0,"21":0,"22":0,"23":0,"24":1,"25":1,"26":3,"27":1,"28":1,"29":2,"30":1,"31":1,"32":0,"33":1,"34":0,"35":1,"36":0,"37":0,"38":0,"39":0,"40":0,"41":0,"42":0,"43":0,"44":0,"45":1,"46":1,"47":0,"48":0,"49":0,"50":0,"51":0,"52":0,"53":0,"54":0,"55":0,"56":1,"57":0,"58":0,"59":0,"60":0,"61":0,"62":0,"63":0,"64":0,"65":0,"66":1,"67":0,"68":0,"69":0,"70":0,"71":0,"72":0,"73":0,"74":0,"75":0,"76":0,"77":0,"78":0,"79":0,"80":1,"81":0,"82":0,"83":0,"84":0,"85":0,"86":0,"87":0,"88":1,"89":0,"90":1,"91":0,"92":0,"93":0,"94":0,"95":0,"96":0,"97":0,"98":0,"99":0,"100":0,"101":0,"102":0,"103":0,"104":0,"105":0,"106":0,"107":0,"108":0,"109":0,"110":0,"111":0,"112":0,"113":1,"114":1,"115":0,"116":0,"117":0,"118":0,"119":0,"120":0,"121":0,"122":0,"123":0,"124":0,"125":0,"126":1,"127":2,"128":1,"129":1,"130":2,"131":1,"132":0,"133":0,"134":0,"135":1,"136":0,"137":0,"138":0,"139":0,"140":0,"141":0,"142":0,"143":0,"144":0,"145":0,"146":0,"147":0,"148":1,"149":5,"150":5,"151":1,"152":1,"153":5,"154":5,"155":5,"156":2,"157":1,"158":3,"159":1,"160":1,"161":0,"162":0,"163":0,"164":0,"165":0,"166":0,"167":0,"168":0,"169":0,"170":1,"171":0,"172":0,"173":0,"174":0,"175":0,"176":0,"177":1},"f":{"0":5,"1":0,"2":0,"3":0,"4":0,"5":0,"6":0,"7":0,"8":3,"9":2,"10":0,"11":0,"12":0,"13":0,"14":0,"15":0,"16":0,"17":0,"18":0,"19":0,"20":0,"21":0,"22":0,"23":0,"24":0,"25":2,"26":0,"27":0,"28":5,"29":1,"30":5,"31":0,"32":0,"33":0},"b":{"0":[5],"1":[0,0,0,0,0],"2":[0],"3":[0,0,0],"4":[0],"5":[0],"6":[0],"7":[0],"8":[0],"9":[0],"10":[0,0],"11":[0,0],"12":[0,0],"13":[0],"14":[0,0],"15":[0],"16":[0,0],"17":[0],"18":[0,0],"19":[0],"20":[0,0],"21":[0],"22":[1],"23":[0],"24":[0,0],"25":[0,0],"26":[0],"27":[5,3],"28":[2,3],"29":[1],"30":[0],"31":[0],"32":[0,0]}}
,"/home/rajol/s6/projets/tmp2/projetss6-tower-19051/src/defineType.ts": {"path":"/home/rajol/s6/projets/tmp2/projetss6-tower-19051/src/defineType.ts","statementMap":{"0":{"start":{"line":1,"column":0},"end":{"line":1,"column":44}},"1":{"start":{"line":53,"column":20},"end":{"line":55,"column":1}},"2":{"start":{"line":54,"column":4},"end":{"line":54,"column":12}},"3":{"start":{"line":53,"column":13},"end":{"line":53,"column":20}},"4":{"start":{"line":58,"column":13},"end":{"line":77,"column":2}}},"fnMap":{"0":{"name":"(anonymous_0)","decl":{"start":{"line":53,"column":20},"end":{"line":53,"column":21}},"loc":{"start":{"line":53,"column":73},"end":{"line":55,"column":1}}}},"branchMap":{},"s":{"0":1,"1":1,"2":0,"3":1,"4":1},"f":{"0":0},"b":{}}
,"/home/rajol/s6/projets/tmp2/projetss6-tower-19051/src/movements.ts": {"path":"/home/rajol/s6/projets/tmp2/projetss6-tower-19051/src/movements.ts","statementMap":{"0":{"start":{"line":3,"column":31},"end":{"line":7,"column":1}},"1":{"start":{"line":4,"column":4},"end":{"line":5,"column":21}},"2":{"start":{"line":5,"column":8},"end":{"line":5,"column":21}},"3":{"start":{"line":6,"column":4},"end":{"line":6,"column":54}},"4":{"start":{"line":3,"column":13},"end":{"line":3,"column":31}},"5":{"start":{"line":11,"column":20},"end":{"line":13,"column":1}},"6":{"start":{"line":12,"column":4},"end":{"line":12,"column":12}},"7":{"start":{"line":11,"column":13},"end":{"line":11,"column":20}},"8":{"start":{"line":18,"column":24},"end":{"line":52,"column":2}},"9":{"start":{"line":19,"column":19},"end":{"line":19,"column":20}},"10":{"start":{"line":20,"column":19},"end":{"line":20,"column":20}},"11":{"start":{"line":21,"column":5},"end":{"line":28,"column":null}},"12":{"start":{"line":22,"column":10},"end":{"line":22,"column":15}},"13":{"start":{"line":23,"column":10},"end":{"line":23,"column":15}},"14":{"start":{"line":25,"column":10},"end":{"line":28,"column":null}},"15":{"start":{"line":26,"column":8},"end":{"line":26,"column":13}},"16":{"start":{"line":27,"column":8},"end":{"line":27,"column":13}},"17":{"start":{"line":30,"column":24},"end":{"line":30,"column":67}},"18":{"start":{"line":31,"column":5},"end":{"line":33,"column":null}},"19":{"start":{"line":32,"column":9},"end":{"line":32,"column":21}},"20":{"start":{"line":34,"column":18},"end":{"line":34,"column":31}},"21":{"start":{"line":35,"column":5},"end":{"line":35,"column":53}},"22":{"start":{"line":36,"column":5},"end":{"line":38,"column":null}},"23":{"start":{"line":37,"column":9},"end":{"line":37,"column":21}},"24":{"start":{"line":39,"column":5},"end":{"line":39,"column":53}},"25":{"start":{"line":40,"column":5},"end":{"line":42,"column":null}},"26":{"start":{"line":41,"column":9},"end":{"line":41,"column":21}},"27":{"start":{"line":43,"column":5},"end":{"line":43,"column":53}},"28":{"start":{"line":44,"column":5},"end":{"line":46,"column":null}},"29":{"start":{"line":45,"column":9},"end":{"line":45,"column":21}},"30":{"start":{"line":47,"column":5},"end":{"line":47,"column":53}},"31":{"start":{"line":48,"column":5},"end":{"line":50,"column":null}},"32":{"start":{"line":49,"column":9},"end":{"line":49,"column":21}},"33":{"start":{"line":51,"column":5},"end":{"line":51,"column":50}},"34":{"start":{"line":18,"column":13},"end":{"line":18,"column":24}},"35":{"start":{"line":54,"column":11},"end":{"line":54,"column":31}},"36":{"start":{"line":59,"column":2},"end":{"line":59,"column":40}},"37":{"start":{"line":61,"column":2},"end":{"line":61,"column":23}},"38":{"start":{"line":67,"column":4},"end":{"line":67,"column":40}}},"fnMap":{"0":{"name":"(anonymous_0)","decl":{"start":{"line":3,"column":31},"end":{"line":3,"column":32}},"loc":{"start":{"line":3,"column":64},"end":{"line":7,"column":1}}},"1":{"name":"(anonymous_1)","decl":{"start":{"line":11,"column":20},"end":{"line":11,"column":21}},"loc":{"start":{"line":11,"column":73},"end":{"line":13,"column":1}}},"2":{"name":"(anonymous_2)","decl":{"start":{"line":18,"column":24},"end":{"line":18,"column":25}},"loc":{"start":{"line":18,"column":79},"end":{"line":52,"column":2}}},"3":{"name":"myRandom","decl":{"start":{"line":57,"column":9},"end":{"line":57,"column":17}},"loc":{"start":{"line":57,"column":17},"end":{"line":62,"column":1}}},"4":{"name":"getRandomInt","decl":{"start":{"line":66,"column":9},"end":{"line":66,"column":21}},"loc":{"start":{"line":66,"column":34},"end":{"line":68,"column":3}}}},"branchMap":{"0":{"loc":{"start":{"line":4,"column":4},"end":{"line":5,"column":21}},"type":"if","locations":[{"start":{"line":4,"column":4},"end":{"line":5,"column":21}}]},"1":{"loc":{"start":{"line":4,"column":7},"end":{"line":4,"column":62}},"type":"binary-expr","locations":[{"start":{"line":4,"column":7},"end":{"line":4,"column":22}},{"start":{"line":4,"column":26},"end":{"line":4,"column":40}},{"start":{"line":4,"column":44},"end":{"line":4,"column":51}},{"start":{"line":4,"column":55},"end":{"line":4,"column":62}}]},"2":{"loc":{"start":{"line":21,"column":5},"end":{"line":28,"column":null}},"type":"if","locations":[{"start":{"line":21,"column":5},"end":{"line":28,"column":null}},{"start":{"line":25,"column":10},"end":{"line":28,"column":null}}]},"3":{"loc":{"start":{"line":25,"column":10},"end":{"line":28,"column":null}},"type":"if","locations":[{"start":{"line":25,"column":10},"end":{"line":28,"column":null}}]},"4":{"loc":{"start":{"line":31,"column":5},"end":{"line":33,"column":null}},"type":"if","locations":[{"start":{"line":31,"column":5},"end":{"line":33,"column":null}}]},"5":{"loc":{"start":{"line":36,"column":5},"end":{"line":38,"column":null}},"type":"if","locations":[{"start":{"line":36,"column":5},"end":{"line":38,"column":null}}]},"6":{"loc":{"start":{"line":40,"column":5},"end":{"line":42,"column":null}},"type":"if","locations":[{"start":{"line":40,"column":5},"end":{"line":42,"column":null}}]},"7":{"loc":{"start":{"line":44,"column":5},"end":{"line":46,"column":null}},"type":"if","locations":[{"start":{"line":44,"column":5},"end":{"line":46,"column":null}}]},"8":{"loc":{"start":{"line":48,"column":5},"end":{"line":50,"column":null}},"type":"if","locations":[{"start":{"line":48,"column":5},"end":{"line":50,"column":null}}]}},"s":{"0":1,"1":12,"2":1,"3":11,"4":1,"5":1,"6":0,"7":1,"8":1,"9":1,"10":1,"11":1,"12":1,"13":1,"14":0,"15":0,"16":0,"17":1,"18":1,"19":0,"20":1,"21":1,"22":1,"23":0,"24":1,"25":1,"26":0,"27":1,"28":1,"29":0,"30":1,"31":1,"32":0,"33":1,"34":1,"35":1,"36":0,"37":0,"38":0},"f":{"0":12,"1":0,"2":1,"3":0,"4":0},"b":{"0":[1],"1":[12,12,12,11],"2":[1,0],"3":[0],"4":[0],"5":[0],"6":[0],"7":[0],"8":[0]}}
,"/home/rajol/s6/projets/tmp2/projetss6-tower-19051/src/optimal_road.ts": {"path":"/home/rajol/s6/projets/tmp2/projetss6-tower-19051/src/optimal_road.ts","statementMap":{"0":{"start":{"line":2,"column":0},"end":{"line":2,"column":50}},"1":{"start":{"line":7,"column":4},"end":{"line":7,"column":43}},"2":{"start":{"line":6,"column":0},"end":{"line":6,"column":16}},"3":{"start":{"line":13,"column":4},"end":{"line":15,"column":6}},"4":{"start":{"line":14,"column":6},"end":{"line":14,"column":84}},"5":{"start":{"line":14,"column":25},"end":{"line":14,"column":61}},"6":{"start":{"line":14,"column":75},"end":{"line":14,"column":83}},"7":{"start":{"line":12,"column":0},"end":{"line":12,"column":16}},"8":{"start":{"line":20,"column":4},"end":{"line":20,"column":86}},"9":{"start":{"line":19,"column":0},"end":{"line":19,"column":16}},"10":{"start":{"line":25,"column":32},"end":{"line":25,"column":34}},"11":{"start":{"line":26,"column":4},"end":{"line":36,"column":null}},"12":{"start":{"line":28,"column":4},"end":{"line":28,"column":45}},"13":{"start":{"line":29,"column":4},"end":{"line":29,"column":44}},"14":{"start":{"line":30,"column":4},"end":{"line":30,"column":48}},"15":{"start":{"line":31,"column":4},"end":{"line":31,"column":47}},"16":{"start":{"line":32,"column":4},"end":{"line":32,"column":44}},"17":{"start":{"line":33,"column":4},"end":{"line":33,"column":44}},"18":{"start":{"line":34,"column":4},"end":{"line":34,"column":47}},"19":{"start":{"line":35,"column":4},"end":{"line":35,"column":47}},"20":{"start":{"line":38,"column":4},"end":{"line":38,"column":64}},"21":{"start":{"line":38,"column":40},"end":{"line":38,"column":61}},"22":{"start":{"line":24,"column":0},"end":{"line":24,"column":16}},"23":{"start":{"line":43,"column":18},"end":{"line":43,"column":77}},"24":{"start":{"line":43,"column":40},"end":{"line":43,"column":76}},"25":{"start":{"line":44,"column":4},"end":{"line":44,"column":37}},"26":{"start":{"line":50,"column":19},"end":{"line":50,"column":72}},"27":{"start":{"line":50,"column":51},"end":{"line":50,"column":71}},"28":{"start":{"line":51,"column":4},"end":{"line":51,"column":18}},"29":{"start":{"line":59,"column":23},"end":{"line":59,"column":35}},"30":{"start":{"line":60,"column":22},"end":{"line":60,"column":61}},"31":{"start":{"line":61,"column":4},"end":{"line":73,"column":null}},"32":{"start":{"line":61,"column":14},"end":{"line":61,"column":15}},"33":{"start":{"line":63,"column":36},"end":{"line":63,"column":67}},"34":{"start":{"line":64,"column":8},"end":{"line":72,"column":null}},"35":{"start":{"line":64,"column":20},"end":{"line":64,"column":21}},"36":{"start":{"line":65,"column":12},"end":{"line":71,"column":null}},"37":{"start":{"line":67,"column":39},"end":{"line":67,"column":75}},"38":{"start":{"line":68,"column":16},"end":{"line":70,"column":null}},"39":{"start":{"line":69,"column":20},"end":{"line":69,"column":40}},"40":{"start":{"line":74,"column":4},"end":{"line":74,"column":13}},"41":{"start":{"line":82,"column":27},"end":{"line":82,"column":44}},"42":{"start":{"line":83,"column":4},"end":{"line":83,"column":18}},"43":{"start":{"line":84,"column":22},"end":{"line":84,"column":52}},"44":{"start":{"line":86,"column":31},"end":{"line":86,"column":65}},"45":{"start":{"line":87,"column":33},"end":{"line":87,"column":56}},"46":{"start":{"line":88,"column":39},"end":{"line":88,"column":72}},"47":{"start":{"line":89,"column":30},"end":{"line":89,"column":32}},"48":{"start":{"line":92,"column":8},"end":{"line":98,"column":null}},"49":{"start":{"line":93,"column":12},"end":{"line":93,"column":26}},"50":{"start":{"line":95,"column":12},"end":{"line":95,"column":40}},"51":{"start":{"line":96,"column":12},"end":{"line":96,"column":33}},"52":{"start":{"line":97,"column":12},"end":{"line":97,"column":45}},"53":{"start":{"line":100,"column":4},"end":{"line":100,"column":56}},"54":{"start":{"line":81,"column":0},"end":{"line":81,"column":16}},"55":{"start":{"line":110,"column":32},"end":{"line":110,"column":64}},"56":{"start":{"line":111,"column":4},"end":{"line":111,"column":48}},"57":{"start":{"line":111,"column":26},"end":{"line":111,"column":48}},"58":{"start":{"line":112,"column":22},"end":{"line":112,"column":49}},"59":{"start":{"line":113,"column":4},"end":{"line":115,"column":null}},"60":{"start":{"line":114,"column":8},"end":{"line":114,"column":17}},"61":{"start":{"line":116,"column":4},"end":{"line":116,"column":13}},"62":{"start":{"line":109,"column":0},"end":{"line":109,"column":16}}},"fnMap":{"0":{"name":"GetActorType","decl":{"start":{"line":6,"column":16},"end":{"line":6,"column":28}},"loc":{"start":{"line":6,"column":46},"end":{"line":8,"column":1}}},"1":{"name":"GetRoadInWorld","decl":{"start":{"line":12,"column":16},"end":{"line":12,"column":30}},"loc":{"start":{"line":12,"column":40},"end":{"line":16,"column":3}}},"2":{"name":"(anonymous_2)","decl":{"start":{"line":13,"column":28},"end":{"line":13,"column":31}},"loc":{"start":{"line":14,"column":6},"end":{"line":14,"column":84}}},"3":{"name":"(anonymous_3)","decl":{"start":{"line":14,"column":17},"end":{"line":14,"column":21}},"loc":{"start":{"line":14,"column":25},"end":{"line":14,"column":61}}},"4":{"name":"(anonymous_4)","decl":{"start":{"line":14,"column":67},"end":{"line":14,"column":71}},"loc":{"start":{"line":14,"column":75},"end":{"line":14,"column":83}}},"5":{"name":"isValidPosition","decl":{"start":{"line":19,"column":16},"end":{"line":19,"column":31}},"loc":{"start":{"line":19,"column":52},"end":{"line":21,"column":1}}},"6":{"name":"ConstructNeighbors","decl":{"start":{"line":24,"column":16},"end":{"line":24,"column":34}},"loc":{"start":{"line":24,"column":54},"end":{"line":39,"column":1}}},"7":{"name":"(anonymous_7)","decl":{"start":{"line":38,"column":28},"end":{"line":38,"column":29}},"loc":{"start":{"line":38,"column":40},"end":{"line":38,"column":61}}},"8":{"name":"SearchForVertex","decl":{"start":{"line":42,"column":9},"end":{"line":42,"column":24}},"loc":{"start":{"line":42,"column":47},"end":{"line":45,"column":3}}},"9":{"name":"(anonymous_9)","decl":{"start":{"line":43,"column":30},"end":{"line":43,"column":36}},"loc":{"start":{"line":43,"column":40},"end":{"line":43,"column":76}}},"10":{"name":"InitializedMatrix","decl":{"start":{"line":49,"column":9},"end":{"line":49,"column":26}},"loc":{"start":{"line":49,"column":37},"end":{"line":52,"column":3}}},"11":{"name":"(anonymous_11)","decl":{"start":{"line":50,"column":45},"end":{"line":50,"column":48}},"loc":{"start":{"line":50,"column":51},"end":{"line":50,"column":71}}},"12":{"name":"ConvertRoadsToGraph","decl":{"start":{"line":58,"column":9},"end":{"line":58,"column":28}},"loc":{"start":{"line":58,"column":56},"end":{"line":75,"column":1}}},"13":{"name":"OptimalRoad","decl":{"start":{"line":81,"column":16},"end":{"line":81,"column":27}},"loc":{"start":{"line":81,"column":63},"end":{"line":101,"column":1}}},"14":{"name":"ConstructRoad","decl":{"start":{"line":91,"column":13},"end":{"line":91,"column":26}},"loc":{"start":{"line":91,"column":57},"end":{"line":99,"column":5}}},"15":{"name":"NextOptimalMove","decl":{"start":{"line":109,"column":16},"end":{"line":109,"column":31}},"loc":{"start":{"line":109,"column":74},"end":{"line":117,"column":1}}}},"branchMap":{"0":{"loc":{"start":{"line":20,"column":12},"end":{"line":20,"column":85}},"type":"binary-expr","locations":[{"start":{"line":20,"column":12},"end":{"line":20,"column":26}},{"start":{"line":20,"column":30},"end":{"line":20,"column":44}},{"start":{"line":20,"column":48},"end":{"line":20,"column":61}},{"start":{"line":20,"column":65},"end":{"line":20,"column":73}},{"start":{"line":20,"column":77},"end":{"line":20,"column":85}}]},"1":{"loc":{"start":{"line":26,"column":4},"end":{"line":36,"column":null}},"type":"if","locations":[{"start":{"line":26,"column":4},"end":{"line":36,"column":null}}]},"2":{"loc":{"start":{"line":43,"column":40},"end":{"line":43,"column":76}},"type":"binary-expr","locations":[{"start":{"line":43,"column":40},"end":{"line":43,"column":56}},{"start":{"line":43,"column":60},"end":{"line":43,"column":76}}]},"3":{"loc":{"start":{"line":44,"column":11},"end":{"line":44,"column":36}},"type":"cond-expr","locations":[{"start":{"line":44,"column":26},"end":{"line":44,"column":31}},{"start":{"line":44,"column":34},"end":{"line":44,"column":36}}]},"4":{"loc":{"start":{"line":65,"column":12},"end":{"line":71,"column":null}},"type":"if","locations":[{"start":{"line":65,"column":12},"end":{"line":71,"column":null}}]},"5":{"loc":{"start":{"line":68,"column":16},"end":{"line":70,"column":null}},"type":"if","locations":[{"start":{"line":68,"column":16},"end":{"line":70,"column":null}}]},"6":{"loc":{"start":{"line":92,"column":8},"end":{"line":98,"column":null}},"type":"if","locations":[{"start":{"line":92,"column":8},"end":{"line":98,"column":null}},{"start":{"line":94,"column":15},"end":{"line":98,"column":null}}]},"7":{"loc":{"start":{"line":92,"column":12},"end":{"line":92,"column":51}},"type":"binary-expr","locations":[{"start":{"line":92,"column":12},"end":{"line":92,"column":36}},{"start":{"line":92,"column":40},"end":{"line":92,"column":51}}]},"8":{"loc":{"start":{"line":111,"column":4},"end":{"line":111,"column":48}},"type":"if","locations":[{"start":{"line":111,"column":4},"end":{"line":111,"column":48}}]},"9":{"loc":{"start":{"line":113,"column":4},"end":{"line":115,"column":null}},"type":"if","locations":[{"start":{"line":113,"column":4},"end":{"line":115,"column":null}}]},"10":{"loc":{"start":{"line":113,"column":9},"end":{"line":113,"column":63}},"type":"binary-expr","locations":[{"start":{"line":113,"column":9},"end":{"line":113,"column":30}},{"start":{"line":113,"column":34},"end":{"line":113,"column":63}}]}},"s":{"0":1,"1":0,"2":1,"3":0,"4":0,"5":0,"6":0,"7":1,"8":2,"9":1,"10":0,"11":0,"12":0,"13":0,"14":0,"15":0,"16":0,"17":0,"18":0,"19":0,"20":0,"21":0,"22":1,"23":0,"24":0,"25":0,"26":0,"27":0,"28":0,"29":0,"30":0,"31":0,"32":0,"33":0,"34":0,"35":0,"36":0,"37":0,"38":0,"39":0,"40":0,"41":0,"42":0,"43":0,"44":0,"45":0,"46":0,"47":0,"48":0,"49":0,"50":0,"51":0,"52":0,"53":0,"54":1,"55":0,"56":0,"57":0,"58":0,"59":0,"60":0,"61":0,"62":1},"f":{"0":0,"1":0,"2":0,"3":0,"4":0,"5":2,"6":0,"7":0,"8":0,"9":0,"10":0,"11":0,"12":0,"13":0,"14":0,"15":0},"b":{"0":[2,2,2,2,2],"1":[0],"2":[0,0],"3":[0,0],"4":[0],"5":[0],"6":[0,0],"7":[0,0],"8":[0],"9":[0],"10":[0,0]}}
,"/home/rajol/s6/projets/tmp2/projetss6-tower-19051/src/rand_road.ts": {"path":"/home/rajol/s6/projets/tmp2/projetss6-tower-19051/src/rand_road.ts","statementMap":{"0":{"start":{"line":1,"column":0},"end":{"line":1,"column":56}},"1":{"start":{"line":4,"column":26},"end":{"line":11,"column":1}},"2":{"start":{"line":5,"column":29},"end":{"line":5,"column":105}},"3":{"start":{"line":5,"column":66},"end":{"line":5,"column":104}},"4":{"start":{"line":5,"column":102},"end":{"line":5,"column":103}},"5":{"start":{"line":6,"column":2},"end":{"line":10,"column":10}},"6":{"start":{"line":7,"column":4},"end":{"line":9,"column":16}},"7":{"start":{"line":8,"column":5},"end":{"line":8,"column":22}},"8":{"start":{"line":4,"column":13},"end":{"line":4,"column":26}},"9":{"start":{"line":14,"column":24},"end":{"line":22,"column":1}},"10":{"start":{"line":16,"column":32},"end":{"line":16,"column":46}},"11":{"start":{"line":18,"column":27},"end":{"line":18,"column":34}},"12":{"start":{"line":19,"column":30},"end":{"line":19,"column":73}},"13":{"start":{"line":21,"column":0},"end":{"line":21,"column":12}},"14":{"start":{"line":14,"column":13},"end":{"line":14,"column":24}},"15":{"start":{"line":26,"column":17},"end":{"line":66,"column":1}},"16":{"start":{"line":28,"column":2},"end":{"line":31,"column":null}},"17":{"start":{"line":30,"column":4},"end":{"line":30,"column":29}},"18":{"start":{"line":34,"column":30},"end":{"line":34,"column":86}},"19":{"start":{"line":37,"column":2},"end":{"line":37,"column":26}},"20":{"start":{"line":40,"column":2},"end":{"line":62,"column":null}},"21":{"start":{"line":41,"column":20},"end":{"line":41,"column":25}},"22":{"start":{"line":43,"column":4},"end":{"line":48,"column":null}},"23":{"start":{"line":43,"column":17},"end":{"line":43,"column":18}},"24":{"start":{"line":44,"column":6},"end":{"line":47,"column":null}},"25":{"start":{"line":45,"column":8},"end":{"line":45,"column":25}},"26":{"start":{"line":46,"column":8},"end":{"line":46,"column":14}},"27":{"start":{"line":50,"column":4},"end":{"line":61,"column":null}},"28":{"start":{"line":52,"column":6},"end":{"line":52,"column":29}},"29":{"start":{"line":54,"column":36},"end":{"line":54,"column":77}},"30":{"start":{"line":55,"column":6},"end":{"line":60,"column":null}},"31":{"start":{"line":57,"column":8},"end":{"line":57,"column":38}},"32":{"start":{"line":59,"column":8},"end":{"line":59,"column":20}},"33":{"start":{"line":65,"column":2},"end":{"line":65,"column":14}},"34":{"start":{"line":26,"column":13},"end":{"line":26,"column":17}},"35":{"start":{"line":69,"column":26},"end":{"line":82,"column":1}},"36":{"start":{"line":70,"column":19},"end":{"line":70,"column":47}},"37":{"start":{"line":71,"column":19},"end":{"line":71,"column":35}},"38":{"start":{"line":73,"column":37},"end":{"line":78,"column":4}},"39":{"start":{"line":79,"column":20},"end":{"line":79,"column":74}},"40":{"start":{"line":79,"column":58},"end":{"line":79,"column":73}},"41":{"start":{"line":81,"column":2},"end":{"line":81,"column":19}},"42":{"start":{"line":69,"column":13},"end":{"line":69,"column":26}},"43":{"start":{"line":86,"column":26},"end":{"line":91,"column":1}},"44":{"start":{"line":87,"column":2},"end":{"line":90,"column":null}},"45":{"start":{"line":87,"column":15},"end":{"line":87,"column":31}},"46":{"start":{"line":88,"column":22},"end":{"line":88,"column":57}},"47":{"start":{"line":89,"column":4},"end":{"line":89,"column":48}},"48":{"start":{"line":86,"column":13},"end":{"line":86,"column":26}},"49":{"start":{"line":95,"column":20},"end":{"line":105,"column":1}},"50":{"start":{"line":96,"column":26},"end":{"line":96,"column":96}},"51":{"start":{"line":97,"column":2},"end":{"line":102,"column":null}},"52":{"start":{"line":98,"column":4},"end":{"line":101,"column":null}},"53":{"start":{"line":98,"column":14},"end":{"line":98,"column":15}},"54":{"start":{"line":99,"column":35},"end":{"line":99,"column":83}},"55":{"start":{"line":100,"column":6},"end":{"line":100,"column":55}},"56":{"start":{"line":103,"column":2},"end":{"line":103,"column":91}},"57":{"start":{"line":104,"column":2},"end":{"line":104,"column":15}},"58":{"start":{"line":95,"column":13},"end":{"line":95,"column":20}}},"fnMap":{"0":{"name":"(anonymous_0)","decl":{"start":{"line":4,"column":26},"end":{"line":4,"column":27}},"loc":{"start":{"line":4,"column":68},"end":{"line":11,"column":1}}},"1":{"name":"(anonymous_1)","decl":{"start":{"line":5,"column":60},"end":{"line":5,"column":63}},"loc":{"start":{"line":5,"column":66},"end":{"line":5,"column":104}}},"2":{"name":"(anonymous_2)","decl":{"start":{"line":5,"column":96},"end":{"line":5,"column":99}},"loc":{"start":{"line":5,"column":102},"end":{"line":5,"column":103}}},"3":{"name":"(anonymous_3)","decl":{"start":{"line":6,"column":20},"end":{"line":6,"column":21}},"loc":{"start":{"line":6,"column":27},"end":{"line":10,"column":8}}},"4":{"name":"(anonymous_4)","decl":{"start":{"line":7,"column":17},"end":{"line":7,"column":18}},"loc":{"start":{"line":7,"column":24},"end":{"line":9,"column":14}}},"5":{"name":"(anonymous_5)","decl":{"start":{"line":14,"column":24},"end":{"line":14,"column":25}},"loc":{"start":{"line":14,"column":83},"end":{"line":22,"column":1}}},"6":{"name":"(anonymous_6)","decl":{"start":{"line":26,"column":17},"end":{"line":26,"column":18}},"loc":{"start":{"line":26,"column":121},"end":{"line":66,"column":1}}},"7":{"name":"(anonymous_7)","decl":{"start":{"line":69,"column":26},"end":{"line":69,"column":27}},"loc":{"start":{"line":69,"column":75},"end":{"line":82,"column":1}}},"8":{"name":"(anonymous_8)","decl":{"start":{"line":79,"column":46},"end":{"line":79,"column":54}},"loc":{"start":{"line":79,"column":58},"end":{"line":79,"column":73}}},"9":{"name":"(anonymous_9)","decl":{"start":{"line":86,"column":26},"end":{"line":86,"column":27}},"loc":{"start":{"line":86,"column":51},"end":{"line":91,"column":1}}},"10":{"name":"(anonymous_10)","decl":{"start":{"line":95,"column":20},"end":{"line":95,"column":21}},"loc":{"start":{"line":95,"column":71},"end":{"line":105,"column":1}}}},"branchMap":{"0":{"loc":{"start":{"line":28,"column":2},"end":{"line":31,"column":null}},"type":"if","locations":[{"start":{"line":28,"column":2},"end":{"line":31,"column":null}}]},"1":{"loc":{"start":{"line":44,"column":6},"end":{"line":47,"column":null}},"type":"if","locations":[{"start":{"line":44,"column":6},"end":{"line":47,"column":null}}]},"2":{"loc":{"start":{"line":50,"column":4},"end":{"line":61,"column":null}},"type":"if","locations":[{"start":{"line":50,"column":4},"end":{"line":61,"column":null}}]},"3":{"loc":{"start":{"line":55,"column":6},"end":{"line":60,"column":null}},"type":"if","locations":[{"start":{"line":55,"column":6},"end":{"line":60,"column":null}}]},"4":{"loc":{"start":{"line":74,"column":4},"end":{"line":74,"column":33}},"type":"cond-expr","locations":[{"start":{"line":74,"column":12},"end":{"line":74,"column":28}},{"start":{"line":74,"column":31},"end":{"line":74,"column":33}}]},"5":{"loc":{"start":{"line":75,"column":4},"end":{"line":75,"column":29}},"type":"cond-expr","locations":[{"start":{"line":75,"column":12},"end":{"line":75,"column":24}},{"start":{"line":75,"column":27},"end":{"line":75,"column":29}}]},"6":{"loc":{"start":{"line":76,"column":4},"end":{"line":76,"column":40}},"type":"cond-expr","locations":[{"start":{"line":76,"column":19},"end":{"line":76,"column":35}},{"start":{"line":76,"column":38},"end":{"line":76,"column":40}}]},"7":{"loc":{"start":{"line":77,"column":4},"end":{"line":77,"column":35}},"type":"cond-expr","locations":[{"start":{"line":77,"column":18},"end":{"line":77,"column":30}},{"start":{"line":77,"column":33},"end":{"line":77,"column":35}}]},"8":{"loc":{"start":{"line":97,"column":2},"end":{"line":102,"column":null}},"type":"if","locations":[{"start":{"line":97,"column":2},"end":{"line":102,"column":null}}]}},"s":{"0":1,"1":1,"2":1,"3":15,"4":225,"5":1,"6":15,"7":225,"8":1,"9":1,"10":1,"11":1,"12":1,"13":1,"14":1,"15":1,"16":169,"17":1,"18":168,"19":168,"20":168,"21":491,"22":491,"23":491,"24":45287,"25":323,"26":323,"27":491,"28":168,"29":168,"30":168,"31":63,"32":63,"33":105,"34":1,"35":1,"36":168,"37":168,"38":168,"39":168,"40":672,"41":168,"42":1,"43":1,"44":168,"45":168,"46":466,"47":466,"48":1,"49":1,"50":1,"51":1,"52":1,"53":1,"54":64,"55":64,"56":1,"57":1,"58":1},"f":{"0":1,"1":15,"2":225,"3":15,"4":225,"5":1,"6":169,"7":168,"8":672,"9":168,"10":1},"b":{"0":[1],"1":[323],"2":[168],"3":[63],"4":[153,15],"5":[154,14],"6":[165,3],"7":[162,6],"8":[1]}}
,"/home/rajol/s6/projets/tmp2/projetss6-tower-19051/src/world.ts": {"path":"/home/rajol/s6/projets/tmp2/projetss6-tower-19051/src/world.ts","statementMap":{"0":{"start":{"line":2,"column":0},"end":{"line":2,"column":73}},"1":{"start":{"line":5,"column":33},"end":{"line":15,"column":1}},"2":{"start":{"line":7,"column":22},"end":{"line":7,"column":42}},"3":{"start":{"line":8,"column":28},"end":{"line":8,"column":104}},"4":{"start":{"line":8,"column":65},"end":{"line":8,"column":103}},"5":{"start":{"line":8,"column":101},"end":{"line":8,"column":102}},"6":{"start":{"line":9,"column":3},"end":{"line":13,"column":7}},"7":{"start":{"line":10,"column":8},"end":{"line":12,"column":11}},"8":{"start":{"line":11,"column":12},"end":{"line":11,"column":74}},"9":{"start":{"line":5,"column":13},"end":{"line":5,"column":33}},"10":{"start":{"line":18,"column":25},"end":{"line":21,"column":1}},"11":{"start":{"line":19,"column":31},"end":{"line":19,"column":143}},"12":{"start":{"line":20,"column":4},"end":{"line":20,"column":22}},"13":{"start":{"line":18,"column":13},"end":{"line":18,"column":25}},"14":{"start":{"line":22,"column":31},"end":{"line":27,"column":1}},"15":{"start":{"line":23,"column":37},"end":{"line":23,"column":42}},"16":{"start":{"line":24,"column":18},"end":{"line":24,"column":82}},"17":{"start":{"line":25,"column":4},"end":{"line":25,"column":13}},"18":{"start":{"line":22,"column":13},"end":{"line":22,"column":31}},"19":{"start":{"line":31,"column":21},"end":{"line":94,"column":1}},"20":{"start":{"line":32,"column":21},"end":{"line":32,"column":23}},"21":{"start":{"line":33,"column":24},"end":{"line":33,"column":25}},"22":{"start":{"line":34,"column":4},"end":{"line":44,"column":null}},"23":{"start":{"line":34,"column":24},"end":{"line":34,"column":25}},"24":{"start":{"line":35,"column":8},"end":{"line":43,"column":null}},"25":{"start":{"line":36,"column":12},"end":{"line":36,"column":28}},"26":{"start":{"line":37,"column":12},"end":{"line":37,"column":28}},"27":{"start":{"line":38,"column":12},"end":{"line":38,"column":23}},"28":{"start":{"line":39,"column":12},"end":{"line":39,"column":21}},"29":{"start":{"line":42,"column":12},"end":{"line":42,"column":24}},"30":{"start":{"line":45,"column":4},"end":{"line":45,"column":20}},"31":{"start":{"line":50,"column":4},"end":{"line":92,"column":null}},"32":{"start":{"line":50,"column":23},"end":{"line":50,"column":24}},"33":{"start":{"line":51,"column":23},"end":{"line":51,"column":25}},"34":{"start":{"line":52,"column":8},"end":{"line":90,"column":null}},"35":{"start":{"line":52,"column":28},"end":{"line":52,"column":29}},"36":{"start":{"line":53,"column":12},"end":{"line":89,"column":null}},"37":{"start":{"line":55,"column":20},"end":{"line":55,"column":58}},"38":{"start":{"line":56,"column":20},"end":{"line":56,"column":26}},"39":{"start":{"line":58,"column":20},"end":{"line":58,"column":55}},"40":{"start":{"line":59,"column":20},"end":{"line":59,"column":26}},"41":{"start":{"line":61,"column":20},"end":{"line":61,"column":56}},"42":{"start":{"line":62,"column":20},"end":{"line":62,"column":26}},"43":{"start":{"line":64,"column":20},"end":{"line":64,"column":55}},"44":{"start":{"line":65,"column":20},"end":{"line":65,"column":26}},"45":{"start":{"line":67,"column":20},"end":{"line":67,"column":50}},"46":{"start":{"line":68,"column":20},"end":{"line":68,"column":26}},"47":{"start":{"line":70,"column":20},"end":{"line":70,"column":50}},"48":{"start":{"line":71,"column":20},"end":{"line":71,"column":26}},"49":{"start":{"line":73,"column":20},"end":{"line":73,"column":49}},"50":{"start":{"line":74,"column":20},"end":{"line":74,"column":26}},"51":{"start":{"line":76,"column":20},"end":{"line":76,"column":49}},"52":{"start":{"line":77,"column":20},"end":{"line":77,"column":26}},"53":{"start":{"line":79,"column":20},"end":{"line":79,"column":52}},"54":{"start":{"line":80,"column":20},"end":{"line":80,"column":26}},"55":{"start":{"line":82,"column":20},"end":{"line":87,"column":null}},"56":{"start":{"line":83,"column":21},"end":{"line":83,"column":55}},"57":{"start":{"line":86,"column":21},"end":{"line":86,"column":50}},"58":{"start":{"line":88,"column":20},"end":{"line":88,"column":26}},"59":{"start":{"line":91,"column":8},"end":{"line":91,"column":null}},"60":{"start":{"line":93,"column":4},"end":{"line":93,"column":22}},"61":{"start":{"line":31,"column":13},"end":{"line":31,"column":21}}},"fnMap":{"0":{"name":"(anonymous_0)","decl":{"start":{"line":5,"column":33},"end":{"line":5,"column":34}},"loc":{"start":{"line":5,"column":83},"end":{"line":15,"column":1}}},"1":{"name":"(anonymous_1)","decl":{"start":{"line":8,"column":59},"end":{"line":8,"column":62}},"loc":{"start":{"line":8,"column":65},"end":{"line":8,"column":103}}},"2":{"name":"(anonymous_2)","decl":{"start":{"line":8,"column":95},"end":{"line":8,"column":98}},"loc":{"start":{"line":8,"column":101},"end":{"line":8,"column":102}}},"3":{"name":"(anonymous_3)","decl":{"start":{"line":9,"column":18},"end":{"line":9,"column":19}},"loc":{"start":{"line":9,"column":25},"end":{"line":13,"column":5}}},"4":{"name":"(anonymous_4)","decl":{"start":{"line":10,"column":21},"end":{"line":10,"column":22}},"loc":{"start":{"line":10,"column":28},"end":{"line":12,"column":9}}},"5":{"name":"(anonymous_5)","decl":{"start":{"line":18,"column":25},"end":{"line":18,"column":26}},"loc":{"start":{"line":18,"column":68},"end":{"line":21,"column":1}}},"6":{"name":"(anonymous_6)","decl":{"start":{"line":22,"column":31},"end":{"line":22,"column":32}},"loc":{"start":{"line":22,"column":56},"end":{"line":27,"column":1}}},"7":{"name":"(anonymous_7)","decl":{"start":{"line":31,"column":21},"end":{"line":31,"column":22}},"loc":{"start":{"line":31,"column":56},"end":{"line":94,"column":1}}}},"branchMap":{"0":{"loc":{"start":{"line":35,"column":8},"end":{"line":43,"column":null}},"type":"if","locations":[{"start":{"line":35,"column":8},"end":{"line":43,"column":null}},{"start":{"line":41,"column":12},"end":{"line":43,"column":null}}]},"1":{"loc":{"start":{"line":35,"column":11},"end":{"line":35,"column":67}},"type":"binary-expr","locations":[{"start":{"line":35,"column":11},"end":{"line":35,"column":31}},{"start":{"line":35,"column":35},"end":{"line":35,"column":54}},{"start":{"line":35,"column":58},"end":{"line":35,"column":67}}]},"2":{"loc":{"start":{"line":53,"column":12},"end":{"line":89,"column":null}},"type":"switch","locations":[{"start":{"line":54,"column":16},"end":{"line":56,"column":26}},{"start":{"line":57,"column":16},"end":{"line":59,"column":26}},{"start":{"line":60,"column":16},"end":{"line":62,"column":26}},{"start":{"line":63,"column":16},"end":{"line":65,"column":26}},{"start":{"line":66,"column":16},"end":{"line":68,"column":26}},{"start":{"line":69,"column":16},"end":{"line":71,"column":26}},{"start":{"line":72,"column":16},"end":{"line":74,"column":26}},{"start":{"line":75,"column":16},"end":{"line":77,"column":26}},{"start":{"line":78,"column":16},"end":{"line":80,"column":26}},{"start":{"line":81,"column":16},"end":{"line":88,"column":26}}]},"3":{"loc":{"start":{"line":82,"column":20},"end":{"line":87,"column":null}},"type":"if","locations":[{"start":{"line":82,"column":20},"end":{"line":87,"column":null}},{"start":{"line":85,"column":24},"end":{"line":87,"column":null}}]},"4":{"loc":{"start":{"line":82,"column":23},"end":{"line":82,"column":77}},"type":"binary-expr","locations":[{"start":{"line":82,"column":23},"end":{"line":82,"column":54}},{"start":{"line":82,"column":58},"end":{"line":82,"column":77}}]}},"s":{"0":1,"1":1,"2":22,"3":22,"4":156,"5":1638,"6":22,"7":156,"8":1638,"9":1,"10":1,"11":13,"12":13,"13":1,"14":1,"15":9,"16":9,"17":9,"18":1,"19":1,"20":2,"21":2,"22":2,"23":2,"24":44,"25":2,"26":2,"27":2,"28":2,"29":42,"30":2,"31":2,"32":2,"33":6,"34":6,"35":6,"36":18,"37":2,"38":2,"39":0,"40":0,"41":2,"42":2,"43":0,"44":0,"45":2,"46":2,"47":0,"48":0,"49":4,"50":4,"51":2,"52":2,"53":2,"54":2,"55":4,"56":0,"57":4,"58":4,"59":6,"60":2,"61":1},"f":{"0":22,"1":156,"2":1638,"3":156,"4":1638,"5":13,"6":9,"7":2},"b":{"0":[2,42],"1":[44,34,20],"2":[2,0,2,0,2,0,4,2,2,4],"3":[0,4],"4":[4,0]}}
}
