TN:
SF:src/Astar.ts
FN:26,Astar
FN:49,Relax
FN:59,ColorNodeGray
FN:69,ColorNodeBlack
FN:76,Initialization
FN:88,CalculateDplusHmin
FN:102,GetOutgoingArcs
FN:117,GetWeight
FN:122,Heuristic
FNF:9
FNH:8
FNDA:2,Astar
FNDA:26,Relax
FNDA:8,ColorNodeGray
FNDA:10,ColorNodeBlack
FNDA:2,Initialization
FNDA:10,CalculateDplusHmin
FNDA:10,GetOutgoingArcs
FNDA:0,GetWeight
FNDA:28,Heuristic
DA:27,2
DA:28,2
DA:29,2
DA:30,2
DA:31,2
DA:32,12
DA:33,2
DA:35,10
DA:36,10
DA:37,0
DA:39,10
DA:40,10
DA:41,26
DA:43,10
DA:45,0
DA:50,26
DA:51,26
DA:52,8
DA:53,8
DA:54,8
DA:60,8
DA:61,0
DA:62,0
DA:63,8
DA:64,8
DA:70,10
DA:71,10
DA:77,2
DA:78,2
DA:79,2
DA:80,10
DA:81,10
DA:83,2
DA:84,2
DA:89,10
DA:90,10
DA:91,10
DA:92,17
DA:93,17
DA:94,11
DA:95,11
DA:98,10
DA:103,10
DA:104,10
DA:106,50
DA:107,26
DA:114,10
DA:118,0
DA:124,28
DA:125,24
DA:129,1
LF:51
LH:46
BRDA:32,0,0,2
BRDA:36,1,0,0
BRDA:51,2,0,8
BRDA:60,3,0,0
BRDA:60,3,1,8
BRDA:63,4,0,8
BRDA:93,5,0,11
BRDA:106,6,0,26
BRDA:124,7,0,4
BRF:9
BRH:7
end_of_record
TN:
SF:src/actors.ts
FN:9,(anonymous_0)
FN:20,IsGoodTreePlacement
FN:21,(anonymous_2)
FN:28,(anonymous_3)
FN:29,(anonymous_4)
FN:32,(anonymous_5)
FN:33,(anonymous_6)
FN:33,(anonymous_7)
FN:43,(anonymous_8)
FN:47,(anonymous_9)
FN:52,(anonymous_10)
FN:57,isValidPosition
FN:60,(anonymous_12)
FN:73,(anonymous_13)
FN:86,FlameTowerAttack
FN:102,(anonymous_15)
FN:103,TowerAttack
FN:130,killActor
FN:142,IsGoodTowerPlacement
FN:145,(anonymous_19)
FN:146,(anonymous_20)
FN:149,(anonymous_21)
FN:150,(anonymous_22)
FN:150,(anonymous_23)
FN:182,(anonymous_24)
FN:215,addActorsToWorld
FN:224,in_astar
FN:236,gamePhase
FN:262,compareActions
FN:271,FilterActions
FN:274,(anonymous_30)
FN:295,gameMotor
FN:308,gameover
FN:309,rec
FNF:34
FNH:7
FNDA:5,(anonymous_0)
FNDA:0,IsGoodTreePlacement
FNDA:0,(anonymous_2)
FNDA:0,(anonymous_3)
FNDA:0,(anonymous_4)
FNDA:0,(anonymous_5)
FNDA:0,(anonymous_6)
FNDA:0,(anonymous_7)
FNDA:3,(anonymous_8)
FNDA:2,(anonymous_9)
FNDA:0,(anonymous_10)
FNDA:0,isValidPosition
FNDA:0,(anonymous_12)
FNDA:0,(anonymous_13)
FNDA:0,FlameTowerAttack
FNDA:0,(anonymous_15)
FNDA:0,TowerAttack
FNDA:0,killActor
FNDA:0,IsGoodTowerPlacement
FNDA:0,(anonymous_19)
FNDA:0,(anonymous_20)
FNDA:0,(anonymous_21)
FNDA:0,(anonymous_22)
FNDA:0,(anonymous_23)
FNDA:0,(anonymous_24)
FNDA:2,addActorsToWorld
FNDA:0,in_astar
FNDA:0,gamePhase
FNDA:5,compareActions
FNDA:1,FilterActions
FNDA:5,(anonymous_30)
FNDA:0,gameMotor
FNDA:0,gameover
FNDA:0,rec
DA:1,1
DA:2,1
DA:3,1
DA:9,1
DA:10,5
DA:11,5
DA:15,5
DA:17,0
DA:21,0
DA:22,0
DA:24,0
DA:25,0
DA:28,1
DA:29,0
DA:30,0
DA:32,0
DA:33,0
DA:36,0
DA:37,0
DA:39,0
DA:43,1
DA:44,3
DA:47,1
DA:48,2
DA:52,1
DA:53,0
DA:58,0
DA:60,1
DA:61,0
DA:62,0
DA:63,0
DA:64,0
DA:65,0
DA:66,0
DA:70,0
DA:73,1
DA:74,0
DA:75,0
DA:76,0
DA:77,0
DA:78,0
DA:79,0
DA:83,0
DA:87,0
DA:88,0
DA:89,0
DA:90,0
DA:92,0
DA:93,0
DA:94,0
DA:98,0
DA:102,1
DA:104,0
DA:105,0
DA:113,0
DA:114,0
DA:116,0
DA:117,0
DA:118,0
DA:122,0
DA:124,0
DA:125,0
DA:127,0
DA:130,1
DA:132,0
DA:133,0
DA:134,0
DA:135,0
DA:136,0
DA:139,0
DA:143,0
DA:145,1
DA:146,0
DA:147,0
DA:149,0
DA:150,0
DA:152,0
DA:153,0
DA:154,0
DA:155,0
DA:156,0
DA:157,0
DA:158,0
DA:159,0
DA:160,0
DA:164,0
DA:168,0
DA:169,0
DA:170,0
DA:174,0
DA:177,0
DA:179,0
DA:182,1
DA:183,0
DA:184,0
DA:185,0
DA:186,0
DA:191,0
DA:192,0
DA:197,0
DA:198,0
DA:203,0
DA:204,0
DA:210,0
DA:215,1
DA:216,2
DA:217,1
DA:218,1
DA:221,2
DA:224,1
DA:225,0
DA:226,0
DA:228,0
DA:236,1
DA:237,0
DA:239,0
DA:241,0
DA:242,0
DA:243,0
DA:244,0
DA:247,0
DA:248,0
DA:249,0
DA:250,0
DA:253,0
DA:264,5
DA:266,5
DA:271,1
DA:272,1
DA:273,1
DA:274,5
DA:275,5
DA:277,5
DA:278,2
DA:279,1
DA:283,3
DA:286,1
DA:295,1
DA:296,0
DA:297,0
DA:298,0
DA:299,0
DA:300,0
DA:301,0
DA:302,0
DA:304,0
DA:308,1
DA:310,0
DA:311,0
DA:312,0
DA:313,0
DA:315,0
LF:152
LH:40
BRDA:10,0,0,5
BRDA:58,1,0,0
BRDA:58,1,1,0
BRDA:58,1,2,0
BRDA:58,1,3,0
BRDA:58,1,4,0
BRDA:65,2,0,0
BRDA:65,3,0,0
BRDA:65,3,1,0
BRDA:65,3,2,0
BRDA:78,4,0,0
BRDA:88,5,0,0
BRDA:92,6,0,0
BRDA:105,7,0,0
BRDA:116,8,0,0
BRDA:133,9,0,0
BRDA:133,10,0,0
BRDA:133,10,1,0
BRDA:154,11,0,0
BRDA:154,11,1,0
BRDA:157,12,0,0
BRDA:157,12,1,0
BRDA:158,13,0,0
BRDA:158,14,0,0
BRDA:158,14,1,0
BRDA:168,15,0,0
BRDA:168,16,0,0
BRDA:168,16,1,0
BRDA:184,17,0,0
BRDA:185,18,0,0
BRDA:185,18,1,0
BRDA:191,19,0,0
BRDA:197,20,0,0
BRDA:197,20,1,0
BRDA:203,21,0,0
BRDA:216,22,0,1
BRDA:225,23,0,0
BRDA:225,24,0,0
BRDA:225,24,1,0
BRDA:241,25,0,0
BRDA:241,25,1,0
BRDA:247,26,0,0
BRDA:264,27,0,5
BRDA:264,27,1,3
BRDA:277,28,0,2
BRDA:277,28,1,3
BRDA:278,29,0,1
BRDA:310,30,0,0
BRDA:311,31,0,0
BRDA:311,32,0,0
BRDA:311,32,1,0
BRF:51
BRH:7
end_of_record
TN:
SF:src/defineType.ts
FN:53,(anonymous_0)
FNF:1
FNH:0
FNDA:0,(anonymous_0)
DA:1,1
DA:53,1
DA:54,0
DA:58,1
LF:4
LH:3
BRF:0
BRH:0
end_of_record
TN:
SF:src/movements.ts
FN:3,(anonymous_0)
FN:11,(anonymous_1)
FN:18,(anonymous_2)
FN:57,myRandom
FN:66,getRandomInt
FNF:5
FNH:2
FNDA:12,(anonymous_0)
FNDA:0,(anonymous_1)
FNDA:1,(anonymous_2)
FNDA:0,myRandom
FNDA:0,getRandomInt
DA:3,1
DA:4,12
DA:5,1
DA:6,11
DA:11,1
DA:12,0
DA:18,1
DA:19,1
DA:20,1
DA:21,1
DA:22,1
DA:23,1
DA:25,0
DA:26,0
DA:27,0
DA:30,1
DA:31,1
DA:32,0
DA:34,1
DA:35,1
DA:36,1
DA:37,0
DA:39,1
DA:40,1
DA:41,0
DA:43,1
DA:44,1
DA:45,0
DA:47,1
DA:48,1
DA:49,0
DA:51,1
DA:54,1
DA:59,0
DA:61,0
DA:67,0
LF:36
LH:24
BRDA:4,0,0,1
BRDA:4,1,0,12
BRDA:4,1,1,12
BRDA:4,1,2,12
BRDA:4,1,3,11
BRDA:21,2,0,1
BRDA:21,2,1,0
BRDA:25,3,0,0
BRDA:31,4,0,0
BRDA:36,5,0,0
BRDA:40,6,0,0
BRDA:44,7,0,0
BRDA:48,8,0,0
BRF:13
BRH:6
end_of_record
TN:
SF:src/optimal_road.ts
FN:6,GetActorType
FN:12,GetRoadInWorld
FN:13,(anonymous_2)
FN:14,(anonymous_3)
FN:14,(anonymous_4)
FN:19,isValidPosition
FN:24,ConstructNeighbors
FN:38,(anonymous_7)
FN:42,SearchForVertex
FN:43,(anonymous_9)
FN:49,InitializedMatrix
FN:50,(anonymous_11)
FN:58,ConvertRoadsToGraph
FN:81,OptimalRoad
FN:91,ConstructRoad
FN:109,NextOptimalMove
FNF:16
FNH:1
FNDA:0,GetActorType
FNDA:0,GetRoadInWorld
FNDA:0,(anonymous_2)
FNDA:0,(anonymous_3)
FNDA:0,(anonymous_4)
FNDA:2,isValidPosition
FNDA:0,ConstructNeighbors
FNDA:0,(anonymous_7)
FNDA:0,SearchForVertex
FNDA:0,(anonymous_9)
FNDA:0,InitializedMatrix
FNDA:0,(anonymous_11)
FNDA:0,ConvertRoadsToGraph
FNDA:0,OptimalRoad
FNDA:0,ConstructRoad
FNDA:0,NextOptimalMove
DA:2,1
DA:6,1
DA:7,0
DA:12,1
DA:13,0
DA:14,0
DA:19,1
DA:20,2
DA:24,1
DA:25,0
DA:26,0
DA:28,0
DA:29,0
DA:30,0
DA:31,0
DA:32,0
DA:33,0
DA:34,0
DA:35,0
DA:38,0
DA:43,0
DA:44,0
DA:50,0
DA:51,0
DA:59,0
DA:60,0
DA:61,0
DA:63,0
DA:64,0
DA:65,0
DA:67,0
DA:68,0
DA:69,0
DA:74,0
DA:81,1
DA:82,0
DA:83,0
DA:84,0
DA:86,0
DA:87,0
DA:88,0
DA:89,0
DA:92,0
DA:93,0
DA:95,0
DA:96,0
DA:97,0
DA:100,0
DA:109,1
DA:110,0
DA:111,0
DA:112,0
DA:113,0
DA:114,0
DA:116,0
LF:55
LH:8
BRDA:20,0,0,2
BRDA:20,0,1,2
BRDA:20,0,2,2
BRDA:20,0,3,2
BRDA:20,0,4,2
BRDA:26,1,0,0
BRDA:43,2,0,0
BRDA:43,2,1,0
BRDA:44,3,0,0
BRDA:44,3,1,0
BRDA:65,4,0,0
BRDA:68,5,0,0
BRDA:92,6,0,0
BRDA:92,6,1,0
BRDA:92,7,0,0
BRDA:92,7,1,0
BRDA:111,8,0,0
BRDA:113,9,0,0
BRDA:113,10,0,0
BRDA:113,10,1,0
BRF:20
BRH:5
end_of_record
TN:
SF:src/rand_road.ts
FN:4,(anonymous_0)
FN:5,(anonymous_1)
FN:5,(anonymous_2)
FN:6,(anonymous_3)
FN:7,(anonymous_4)
FN:14,(anonymous_5)
FN:26,(anonymous_6)
FN:69,(anonymous_7)
FN:79,(anonymous_8)
FN:86,(anonymous_9)
FN:95,(anonymous_10)
FNF:11
FNH:11
FNDA:1,(anonymous_0)
FNDA:15,(anonymous_1)
FNDA:225,(anonymous_2)
FNDA:15,(anonymous_3)
FNDA:225,(anonymous_4)
FNDA:1,(anonymous_5)
FNDA:169,(anonymous_6)
FNDA:168,(anonymous_7)
FNDA:672,(anonymous_8)
FNDA:168,(anonymous_9)
FNDA:1,(anonymous_10)
DA:1,1
DA:4,1
DA:5,225
DA:6,1
DA:7,15
DA:8,225
DA:14,1
DA:16,1
DA:18,1
DA:19,1
DA:21,1
DA:26,1
DA:28,169
DA:30,1
DA:34,168
DA:37,168
DA:40,168
DA:41,491
DA:43,491
DA:44,45287
DA:45,323
DA:46,323
DA:50,491
DA:52,168
DA:54,168
DA:55,168
DA:57,63
DA:59,63
DA:65,105
DA:69,1
DA:70,168
DA:71,168
DA:73,168
DA:79,672
DA:81,168
DA:86,1
DA:87,168
DA:88,466
DA:89,466
DA:95,1
DA:96,1
DA:97,1
DA:98,1
DA:99,64
DA:100,64
DA:103,1
DA:104,1
LF:47
LH:47
BRDA:28,0,0,1
BRDA:44,1,0,323
BRDA:50,2,0,168
BRDA:55,3,0,63
BRDA:74,4,0,153
BRDA:74,4,1,15
BRDA:75,5,0,154
BRDA:75,5,1,14
BRDA:76,6,0,165
BRDA:76,6,1,3
BRDA:77,7,0,162
BRDA:77,7,1,6
BRDA:97,8,0,1
BRF:13
BRH:13
end_of_record
TN:
SF:src/world.ts
FN:5,(anonymous_0)
FN:8,(anonymous_1)
FN:8,(anonymous_2)
FN:9,(anonymous_3)
FN:10,(anonymous_4)
FN:18,(anonymous_5)
FN:22,(anonymous_6)
FN:31,(anonymous_7)
FNF:8
FNH:8
FNDA:22,(anonymous_0)
FNDA:156,(anonymous_1)
FNDA:1638,(anonymous_2)
FNDA:156,(anonymous_3)
FNDA:1638,(anonymous_4)
FNDA:13,(anonymous_5)
FNDA:9,(anonymous_6)
FNDA:2,(anonymous_7)
DA:2,1
DA:5,1
DA:7,22
DA:8,1638
DA:9,22
DA:10,156
DA:11,1638
DA:18,1
DA:19,13
DA:20,13
DA:22,1
DA:23,9
DA:24,9
DA:25,9
DA:31,1
DA:32,2
DA:33,2
DA:34,2
DA:35,44
DA:36,2
DA:37,2
DA:38,2
DA:39,2
DA:42,42
DA:45,2
DA:50,2
DA:51,6
DA:52,6
DA:53,18
DA:55,2
DA:56,2
DA:58,0
DA:59,0
DA:61,2
DA:62,2
DA:64,0
DA:65,0
DA:67,2
DA:68,2
DA:70,0
DA:71,0
DA:73,4
DA:74,4
DA:76,2
DA:77,2
DA:79,2
DA:80,2
DA:82,4
DA:83,0
DA:86,4
DA:88,4
DA:91,6
DA:93,2
LF:53
LH:46
BRDA:35,0,0,2
BRDA:35,0,1,42
BRDA:35,1,0,44
BRDA:35,1,1,34
BRDA:35,1,2,20
BRDA:53,2,0,2
BRDA:53,2,1,0
BRDA:53,2,2,2
BRDA:53,2,3,0
BRDA:53,2,4,2
BRDA:53,2,5,0
BRDA:53,2,6,4
BRDA:53,2,7,2
BRDA:53,2,8,2
BRDA:53,2,9,4
BRDA:82,3,0,0
BRDA:82,3,1,4
BRDA:82,4,0,4
BRDA:82,4,1,0
BRF:19
BRH:14
end_of_record
